#
# A fatal error has been detected by the Java Runtime Environment:
#
#  EXCEPTION_ACCESS_VIOLATION (0xc0000005) at pc=0x00007fffcbf3e0a9, pid=1504, tid=12080
#
# JRE version: OpenJDK Runtime Environment Microsoft-8297089 (17.0.8.1+1) (build 17.0.8.1+1-LTS)
# Java VM: OpenJDK 64-Bit Server VM Microsoft-8297089 (17.0.8.1+1-LTS, mixed mode, sharing, tiered, compressed oops, compressed class ptrs, g1 gc, windows-amd64)
# Problematic frame:
# V  [jvm.dll+0x2be0a9]
#
# No core dump will be written. Minidumps are not enabled by default on client versions of Windows
#
# If you would like to submit a bug report, please visit:
#   https://github.com/microsoft/openjdk/issues
#

---------------  S U M M A R Y ------------

Command Line: -XX:MaxMetaspaceSize=512m --add-opens=java.base/java.util=ALL-UNNAMED --add-opens=java.base/java.lang=ALL-UNNAMED --add-opens=java.base/java.lang.invoke=ALL-UNNAMED --add-opens=java.prefs/java.util.prefs=ALL-UNNAMED --add-opens=java.base/java.nio.charset=ALL-UNNAMED --add-opens=java.base/java.net=ALL-UNNAMED --add-opens=java.base/java.util.concurrent.atomic=ALL-UNNAMED -Xmx2048m -Dfile.encoding=windows-1252 -Duser.country=US -Duser.language=en -Duser.variant org.gradle.launcher.daemon.bootstrap.GradleDaemon 8.0.1

Host: AMD Ryzen 3 3200U with Radeon Vega Mobile Gfx  , 4 cores, 5G,  Windows 10 , 64 bit Build 18362 (10.0.18362.329)
Time: Fri Oct 20 10:18:32 2023 SE Asia Standard Time elapsed time: 63.562747 seconds (0d 0h 1m 3s)

---------------  T H R E A D  ---------------

Current thread (0x0000012372f2bba0):  JavaThread "C2 CompilerThread0" daemon [_thread_in_native, id=12080, stack(0x00000017d6e00000,0x00000017d6f00000)]


Current CompileTask:
C2:  63562 15717   !   4       org.gradle.cache.internal.DefaultMultiProcessSafePersistentIndexedCache::getIfPresent (25 bytes)

Stack: [0x00000017d6e00000,0x00000017d6f00000],  sp=0x00000017d6efb6e0,  free space=1005k
Native frames: (J=compiled Java code, j=interpreted, Vv=VM code, C=native code)
V  [jvm.dll+0x2be0a9]
V  [jvm.dll+0x21ba8b]
V  [jvm.dll+0x21944b]
V  [jvm.dll+0x1a56b6]
V  [jvm.dll+0x2291ea]
V  [jvm.dll+0x22724c]
V  [jvm.dll+0x7efd0c]
V  [jvm.dll+0x7ea13a]
V  [jvm.dll+0x67ad85]
C  [ucrtbase.dll+0x20e72]
C  [KERNEL32.DLL+0x17bd4]
C  [ntdll.dll+0x6ced1]


siginfo: EXCEPTION_ACCESS_VIOLATION (0xc0000005), reading address 0x0000000000000028


Register to memory mapping:

RIP=0x00007fffcbf3e0a9 jvm.dll
RAX=0x000001231f0c8000 points into unknown readable memory: 0x0000000000000000 | 00 00 00 00 00 00 00 00
RBX=0x000000000000183b is an unknown value
RCX=0x000001231f0d8000 points into unknown readable memory: 0x0000000000000000 | 00 00 00 00 00 00 00 00
RDX=0x0 is NULL
RSP=0x00000017d6efb6e0 is pointing into the stack for thread: 0x0000012372f2bba0
RBP=0x00000017d6efb750 is pointing into the stack for thread: 0x0000012372f2bba0
RSI=0x0 is NULL
RDI=0x0000000000000048 is an unknown value
R8 =0x0 is NULL
R9 =0x0 is NULL
R10=0x00007ff810570000 VCRUNTIME140.dll
R11=0x000001231f0c8020 points into unknown readable memory: 0x0000000000000000 | 00 00 00 00 00 00 00 00
R12=0x0000000000000050 is an unknown value
R13=0x0 is NULL
R14=0x0 is NULL
R15=0x00000017d6efe900 is pointing into the stack for thread: 0x0000012372f2bba0


Registers:
RAX=0x000001231f0c8000, RBX=0x000000000000183b, RCX=0x000001231f0d8000, RDX=0x0000000000000000
RSP=0x00000017d6efb6e0, RBP=0x00000017d6efb750, RSI=0x0000000000000000, RDI=0x0000000000000048
R8 =0x0000000000000000, R9 =0x0000000000000000, R10=0x00007ff810570000, R11=0x000001231f0c8020
R12=0x0000000000000050, R13=0x0000000000000000, R14=0x0000000000000000, R15=0x00000017d6efe900
RIP=0x00007fffcbf3e0a9, EFLAGS=0x0000000000010246

Top of Stack: (sp=0x00000017d6efb6e0)
0x00000017d6efb6e0:   000000000000183b 0000000000000000
0x00000017d6efb6f0:   00000017d6efe900 00007fffcbea38d1
0x00000017d6efb700:   0000012372f12ab0 00007fff00002000
0x00000017d6efb710:   000001231f0c8000 0000012300000000
0x00000017d6efb720:   0000000000000002 000001237e269630
0x00000017d6efb730:   0000000000000002 0000012372f12ab0
0x00000017d6efb740:   0000000000000000 0000000000000000
0x00000017d6efb750:   0000012372f10da0 0000012355393370
0x00000017d6efb760:   0000000000000048 00007fffcc5c4c08
0x00000017d6efb770:   00000017d6efb880 00007fffcbe9ba8b
0x00000017d6efb780:   00000017d6efe900 00007fffcc5c4c08
0x00000017d6efb790:   00000017d6efe900 00000017d6efb880
0x00000017d6efb7a0:   0000012300000000 00007fffcc29b7fb
0x00000017d6efb7b0:   000000170000000f 00000017d6efe900
0x00000017d6efb7c0:   00000017d6efb930 0000000000000000
0x00000017d6efb7d0:   0000012300000100 00007fffcc5c4c08 

Instructions: (pc=0x00007fffcbf3e0a9)
0x00007fffcbf3dfa9:   3b d0 75 0b ff c1 41 3b c9 7c dc 48 8b c2 c3 33
0x00007fffcbf3dfb9:   c0 c3 cc cc cc cc cc 48 89 5c 24 18 55 56 57 41
0x00007fffcbf3dfc9:   55 41 57 48 8b ec 48 83 ec 70 65 48 8b 04 25 58
0x00007fffcbf3dfd9:   00 00 00 48 8b f2 44 8b 05 92 8b 90 00 4c 8b f9
0x00007fffcbf3dfe9:   4a 8b 1c c0 b8 50 00 00 00 80 3c 18 00 75 05 e8
0x00007fffcbf3dff9:   8b 6f 5d 00 b8 20 00 00 00 48 8b 04 18 48 8b 98
0x00007fffcbf3e009:   38 02 00 00 48 89 5d b0 c7 45 b8 04 00 00 00 48
0x00007fffcbf3e019:   8b 43 18 48 83 f8 df 76 18 4c 8d 05 37 a9 65 00
0x00007fffcbf3e029:   ba 20 00 00 00 48 8b cb e8 5a eb de ff 48 8b 43
0x00007fffcbf3e039:   18 48 8d 48 20 48 3b 4b 20 76 11 45 33 c0 48 8b
0x00007fffcbf3e049:   cb 41 8d 50 20 e8 fd e8 de ff eb 04 48 89 4b 18
0x00007fffcbf3e059:   44 8b 45 b8 33 d2 49 c1 e0 03 48 8b c8 48 89 45
0x00007fffcbf3e069:   c0 e8 e3 80 5d 00 45 33 ed 48 8d 4d d0 44 89 6d
0x00007fffcbf3e079:   c8 e8 01 59 56 00 41 8b 9f 40 02 00 00 41 2b 9f
0x00007fffcbf3e089:   68 02 00 00 44 89 6d f0 3b 5d b8 72 0b 8b d3 48
0x00007fffcbf3e099:   8d 4d b0 e8 6f b3 39 00 48 8b 45 c0 4c 89 2c d8
0x00007fffcbf3e0a9:   8b 7e 28 8b df c1 eb 05 3b 5d d0 72 0b 8b d3 48
0x00007fffcbf3e0b9:   8d 4d d0 e8 1f 59 56 00 48 8b 45 d8 83 e7 1f 48
0x00007fffcbf3e0c9:   8d 14 98 40 0f b6 cf 41 b8 01 00 00 00 41 d3 e0
0x00007fffcbf3e0d9:   8b 0a 8b c1 41 0b c0 89 02 41 85 c8 75 21 8b 5d
0x00007fffcbf3e0e9:   c8 8d 43 01 89 45 c8 3b 5d b8 72 0b 8b d3 48 8d
0x00007fffcbf3e0f9:   4d b0 e8 10 b3 39 00 48 8b 45 c0 48 89 34 d8 44
0x00007fffcbf3e109:   39 6d c8 0f 86 77 01 00 00 4c 89 a4 24 a0 00 00
0x00007fffcbf3e119:   00 4c 89 b4 24 a8 00 00 00 48 8b 45 c0 41 8b cd
0x00007fffcbf3e129:   48 8b 34 c8 8b 46 2c 25 ff 1f 00 00 3d 04 10 00
0x00007fffcbf3e139:   00 0f 85 a7 00 00 00 bb 01 00 00 00 39 5e 18 76
0x00007fffcbf3e149:   39 66 0f 1f 44 00 00 48 8b 46 08 8b cb 48 8b 14
0x00007fffcbf3e159:   c8 48 85 d2 74 1d 48 83 7a 10 00 74 16 80 7a 2c
0x00007fffcbf3e169:   84 74 10 e8 7f 7e ee ff 48 8b d0 49 8b cf e8 a4
0x00007fffcbf3e179:   61 f6 ff ff c3 3b 5e 18 72 cd 48 8b 5e 10 8b 46
0x00007fffcbf3e189:   20 4c 8d 34 c3 49 3b de 73 54 48 8b 3b 8b 47 2c
0x00007fffcbf3e199:   83 e0 03 3c 03 75 2e 48 8b 07 48 8b cf ff 90 88 


Stack slot to memory mapping:
stack at sp + 0 slots: 0x000000000000183b is an unknown value
stack at sp + 1 slots: 0x0 is NULL
stack at sp + 2 slots: 0x00000017d6efe900 is pointing into the stack for thread: 0x0000012372f2bba0
stack at sp + 3 slots: 0x00007fffcbea38d1 jvm.dll
stack at sp + 4 slots: 0x0000012372f12ab0 points into unknown readable memory: 0x0000012300000006 | 06 00 00 00 23 01 00 00
stack at sp + 5 slots: 0x00007fff00002000 is an unknown value
stack at sp + 6 slots: 0x000001231f0c8000 points into unknown readable memory: 0x0000000000000000 | 00 00 00 00 00 00 00 00
stack at sp + 7 slots: 0x0000012300000000 is pointing into metadata


---------------  P R O C E S S  ---------------

Threads class SMR info:
_java_thread_list=0x000001237b66c8a0, length=90, elements={
0x000001235537b210, 0x0000012372f07290, 0x0000012372f08d20, 0x0000012372f1b6a0,
0x0000012372f1d3d0, 0x0000012372f1df90, 0x0000012372f20a60, 0x0000012372f2bba0,
0x0000012372f32100, 0x0000012372f63210, 0x00000123771edce0, 0x00000123771f1200,
0x0000012379536a90, 0x00000123790eea30, 0x00000123782c2640, 0x0000012378f237a0,
0x000001237918c170, 0x000001237918ad30, 0x00000123791898f0, 0x000001237918b750,
0x0000012379189e00, 0x00000123786d5c00, 0x00000123786d6110, 0x00000123786d47c0,
0x00000123786d7040, 0x000001237a4db350, 0x000001237a4dae40, 0x000001237a4dc280,
0x000001237a4da420, 0x000001237aed7730, 0x000001237aedbe10, 0x000001237d5931d0,
0x000001237d592cc0, 0x000001237d594610, 0x000001237d5936e0, 0x000001237d593bf0,
0x000001237aed58d0, 0x000001237aed8660, 0x000001237aed62f0, 0x000001237aed6800,
0x000001237aed7c40, 0x000001237aed8b70, 0x000001237aed6d10, 0x000001237aed8150,
0x000001237aed9080, 0x000001237aeda9d0, 0x000001237aed9590, 0x000001237aedaee0,
0x000001237aed49a0, 0x000001237aed9aa0, 0x000001237aedb900, 0x000001237aedb3f0,
0x000001237aed4eb0, 0x000001237aed53c0, 0x000001237aed9fb0, 0x000001237a4d8fe0,
0x000001237a4da930, 0x000001237a4dc790, 0x000001237a4db860, 0x000001237a4d94f0,
0x000001237a4de5f0, 0x000001237a4dcca0, 0x000001237a4d9a00, 0x000001237a4dd1b0,
0x000001237a4deb00, 0x000001237a4dd6c0, 0x000001237a4de0e0, 0x000001237a4df010,
0x000001237a4df520, 0x000001237a4dfa30, 0x000001237a4dff40, 0x000001237a4e0960,
0x000001237a4e0450, 0x000001237a4d9f10, 0x000001237d1488d0, 0x000001237d147eb0,
0x000001237d147490, 0x000001237d146050, 0x000001237d146a70, 0x000001237d146f80,
0x000001237d1479a0, 0x000001237d1492f0, 0x000001237d149800, 0x000001237918c680,
0x000001237918b240, 0x000001237918a310, 0x000001237918cb90, 0x00000123791893e0,
0x0000012378a4f720, 0x000001237918a820
}

Java Threads: ( => current thread )
  0x000001235537b210 JavaThread "main" [_thread_blocked, id=2840, stack(0x00000017d6100000,0x00000017d6200000)]
  0x0000012372f07290 JavaThread "Reference Handler" daemon [_thread_blocked, id=6480, stack(0x00000017d6800000,0x00000017d6900000)]
  0x0000012372f08d20 JavaThread "Finalizer" daemon [_thread_blocked, id=2016, stack(0x00000017d6900000,0x00000017d6a00000)]
  0x0000012372f1b6a0 JavaThread "Signal Dispatcher" daemon [_thread_blocked, id=3624, stack(0x00000017d6a00000,0x00000017d6b00000)]
  0x0000012372f1d3d0 JavaThread "Attach Listener" daemon [_thread_blocked, id=4392, stack(0x00000017d6b00000,0x00000017d6c00000)]
  0x0000012372f1df90 JavaThread "Service Thread" daemon [_thread_blocked, id=10096, stack(0x00000017d6c00000,0x00000017d6d00000)]
  0x0000012372f20a60 JavaThread "Monitor Deflation Thread" daemon [_thread_blocked, id=7124, stack(0x00000017d6d00000,0x00000017d6e00000)]
=>0x0000012372f2bba0 JavaThread "C2 CompilerThread0" daemon [_thread_in_native, id=12080, stack(0x00000017d6e00000,0x00000017d6f00000)]
  0x0000012372f32100 JavaThread "C1 CompilerThread0" daemon [_thread_blocked, id=11948, stack(0x00000017d6f00000,0x00000017d7000000)]
  0x0000012372f63210 JavaThread "Sweeper thread" daemon [_thread_blocked, id=6928, stack(0x00000017d7000000,0x00000017d7100000)]
  0x00000123771edce0 JavaThread "Common-Cleaner" daemon [_thread_blocked, id=9156, stack(0x00000017d7100000,0x00000017d7200000)]
  0x00000123771f1200 JavaThread "Notification Thread" daemon [_thread_blocked, id=5560, stack(0x00000017d7200000,0x00000017d7300000)]
  0x0000012379536a90 JavaThread "Daemon health stats" [_thread_blocked, id=12072, stack(0x00000017d7800000,0x00000017d7900000)]
  0x00000123790eea30 JavaThread "Incoming local TCP Connector on port 49905" [_thread_in_native, id=11308, stack(0x00000017d7900000,0x00000017d7a00000)]
  0x00000123782c2640 JavaThread "Daemon periodic checks" [_thread_blocked, id=9448, stack(0x00000017d7a00000,0x00000017d7b00000)]
  0x0000012378f237a0 JavaThread "Daemon" [_thread_blocked, id=11832, stack(0x00000017d7b00000,0x00000017d7c00000)]
  0x000001237918c170 JavaThread "Daemon worker" [_thread_blocked, id=12044, stack(0x00000017d7e00000,0x00000017d7f00000)]
  0x000001237918ad30 JavaThread "Cache worker for journal cache (C:\Users\ASUS\.gradle\caches\journal-1)" [_thread_blocked, id=11956, stack(0x00000017d8200000,0x00000017d8300000)]
  0x00000123791898f0 JavaThread "File lock request listener" [_thread_in_native, id=12040, stack(0x00000017d8300000,0x00000017d8400000)]
  0x000001237918b750 JavaThread "Cache worker for file hash cache (C:\Users\ASUS\.gradle\caches\8.0.1\fileHashes)" [_thread_blocked, id=2720, stack(0x00000017d7400000,0x00000017d7500000)]
  0x0000012379189e00 JavaThread "File watcher server" daemon [_thread_in_native, id=12220, stack(0x00000017d8500000,0x00000017d8600000)]
  0x00000123786d5c00 JavaThread "File watcher consumer" daemon [_thread_blocked, id=8684, stack(0x00000017d8600000,0x00000017d8700000)]
  0x00000123786d6110 JavaThread "Cache worker for file content cache (C:\Users\ASUS\.gradle\caches\8.0.1\fileContent)" [_thread_blocked, id=11900, stack(0x00000017d8900000,0x00000017d8a00000)]
  0x00000123786d47c0 JavaThread "Cache worker for execution history cache (C:\Users\ASUS\.gradle\caches\8.0.1\executionHistory)" [_thread_blocked, id=8340, stack(0x00000017d8c00000,0x00000017d8d00000)]
  0x00000123786d7040 JavaThread "jar transforms" [_thread_blocked, id=12148, stack(0x00000017d8d00000,0x00000017d8e00000)]
  0x000001237a4db350 JavaThread "jar transforms Thread 2" [_thread_blocked, id=4924, stack(0x00000017d8e00000,0x00000017d8f00000)]
  0x000001237a4dae40 JavaThread "jar transforms Thread 3" [_thread_blocked, id=11652, stack(0x00000017d8f00000,0x00000017d9000000)]
  0x000001237a4dc280 JavaThread "jar transforms Thread 4" [_thread_blocked, id=2336, stack(0x00000017d9000000,0x00000017d9100000)]
  0x000001237a4da420 JavaThread "Cache worker for kotlin-dsl (C:\Users\ASUS\.gradle\caches\8.0.1\kotlin-dsl)" [_thread_blocked, id=2248, stack(0x00000017d9100000,0x00000017d9200000)]
  0x000001237aed7730 JavaThread "Memory manager" [_thread_blocked, id=9952, stack(0x00000017dae00000,0x00000017daf00000)]
  0x000001237aedbe10 JavaThread "included builds" [_thread_blocked, id=7632, stack(0x00000017db000000,0x00000017db100000)]
  0x000001237d5931d0 JavaThread "Handler for socket connection from /127.0.0.1:49905 to /127.0.0.1:49907" [_thread_in_native, id=11016, stack(0x00000017d7c00000,0x00000017d7d00000)]
  0x000001237d592cc0 JavaThread "Cancel handler" [_thread_blocked, id=5636, stack(0x00000017d7d00000,0x00000017d7e00000)]
  0x000001237d594610 JavaThread "Asynchronous log dispatcher for DefaultDaemonConnection: socket connection from /127.0.0.1:49905 to /127.0.0.1:49907" [_thread_blocked, id=7068, stack(0x00000017d7f00000,0x00000017d8000000)]
  0x000001237d5936e0 JavaThread "Stdin handler" [_thread_blocked, id=5412, stack(0x00000017d8000000,0x00000017d8100000)]
  0x000001237d593bf0 JavaThread "Daemon client event forwarder" [_thread_blocked, id=6544, stack(0x00000017d8100000,0x00000017d8200000)]
  0x000001237aed58d0 JavaThread "Cache worker for checksums cache (C:\tugas riska\tugas\android\.gradle\8.0.1\checksums)" [_thread_blocked, id=6364, stack(0x00000017d8700000,0x00000017d8800000)]
  0x000001237aed8660 JavaThread "Cache worker for cache directory md-rule (C:\Users\ASUS\.gradle\caches\8.0.1\md-rule)" [_thread_blocked, id=10856, stack(0x00000017d8800000,0x00000017d8900000)]
  0x000001237aed62f0 JavaThread "Cache worker for file hash cache (C:\tugas riska\tugas\android\.gradle\8.0.1\fileHashes)" [_thread_blocked, id=996, stack(0x00000017d8a00000,0x00000017d8b00000)]
  0x000001237aed6800 JavaThread "Cache worker for cache directory md-supplier (C:\Users\ASUS\.gradle\caches\8.0.1\md-supplier)" [_thread_blocked, id=3308, stack(0x00000017d8b00000,0x00000017d8c00000)]
  0x000001237aed7c40 JavaThread "Cache worker for dependencies-accessors (C:\tugas riska\tugas\android\.gradle\8.0.1\dependencies-accessors)" [_thread_blocked, id=10512, stack(0x00000017d9300000,0x00000017d9400000)]
  0x000001237aed8b70 JavaThread "Cache worker for Build Output Cleanup Cache (C:\tugas riska\tugas\node_modules\@react-native\gradle-plugin\.gradle\buildOutputCleanup)" [_thread_blocked, id=1684, stack(0x00000017d9400000,0x00000017d9500000)]
  0x000001237aed6d10 JavaThread "Unconstrained build operations" [_thread_blocked, id=11544, stack(0x00000017d9500000,0x00000017d9600000)]
  0x000001237aed8150 JavaThread "Unconstrained build operations Thread 2" [_thread_blocked, id=5788, stack(0x00000017d9600000,0x00000017d9700000)]
  0x000001237aed9080 JavaThread "Unconstrained build operations Thread 3" [_thread_blocked, id=11484, stack(0x00000017d9700000,0x00000017d9800000)]
  0x000001237aeda9d0 JavaThread "Unconstrained build operations Thread 4" [_thread_blocked, id=8024, stack(0x00000017d9800000,0x00000017d9900000)]
  0x000001237aed9590 JavaThread "Unconstrained build operations Thread 5" [_thread_blocked, id=6056, stack(0x00000017d9900000,0x00000017d9a00000)]
  0x000001237aedaee0 JavaThread "Unconstrained build operations Thread 6" [_thread_blocked, id=6416, stack(0x00000017d9a00000,0x00000017d9b00000)]
  0x000001237aed49a0 JavaThread "Unconstrained build operations Thread 7" [_thread_blocked, id=9508, stack(0x00000017d9b00000,0x00000017d9c00000)]
  0x000001237aed9aa0 JavaThread "Unconstrained build operations Thread 8" [_thread_blocked, id=11656, stack(0x00000017d9c00000,0x00000017d9d00000)]
  0x000001237aedb900 JavaThread "Unconstrained build operations Thread 9" [_thread_blocked, id=7628, stack(0x00000017d9d00000,0x00000017d9e00000)]
  0x000001237aedb3f0 JavaThread "Unconstrained build operations Thread 10" [_thread_blocked, id=1976, stack(0x00000017d9e00000,0x00000017d9f00000)]
  0x000001237aed4eb0 JavaThread "Unconstrained build operations Thread 11" [_thread_blocked, id=6228, stack(0x00000017d9f00000,0x00000017da000000)]
  0x000001237aed53c0 JavaThread "Unconstrained build operations Thread 12" [_thread_blocked, id=10332, stack(0x00000017da000000,0x00000017da100000)]
  0x000001237aed9fb0 JavaThread "Unconstrained build operations Thread 13" [_thread_blocked, id=5868, stack(0x00000017da100000,0x00000017da200000)]
  0x000001237a4d8fe0 JavaThread "Unconstrained build operations Thread 14" [_thread_blocked, id=4384, stack(0x00000017da200000,0x00000017da300000)]
  0x000001237a4da930 JavaThread "Unconstrained build operations Thread 15" [_thread_blocked, id=10960, stack(0x00000017da300000,0x00000017da400000)]
  0x000001237a4dc790 JavaThread "Unconstrained build operations Thread 16" [_thread_blocked, id=6960, stack(0x00000017da400000,0x00000017da500000)]
  0x000001237a4db860 JavaThread "Unconstrained build operations Thread 17" [_thread_blocked, id=6800, stack(0x00000017da500000,0x00000017da600000)]
  0x000001237a4d94f0 JavaThread "Unconstrained build operations Thread 18" [_thread_blocked, id=11744, stack(0x00000017da600000,0x00000017da700000)]
  0x000001237a4de5f0 JavaThread "Unconstrained build operations Thread 19" [_thread_blocked, id=1612, stack(0x00000017da700000,0x00000017da800000)]
  0x000001237a4dcca0 JavaThread "Unconstrained build operations Thread 20" [_thread_blocked, id=6904, stack(0x00000017da800000,0x00000017da900000)]
  0x000001237a4d9a00 JavaThread "Unconstrained build operations Thread 21" [_thread_blocked, id=9376, stack(0x00000017da900000,0x00000017daa00000)]
  0x000001237a4dd1b0 JavaThread "Unconstrained build operations Thread 22" [_thread_blocked, id=1044, stack(0x00000017daa00000,0x00000017dab00000)]
  0x000001237a4deb00 JavaThread "Unconstrained build operations Thread 23" [_thread_blocked, id=1852, stack(0x00000017dab00000,0x00000017dac00000)]
  0x000001237a4dd6c0 JavaThread "Unconstrained build operations Thread 24" [_thread_blocked, id=1192, stack(0x00000017dac00000,0x00000017dad00000)]
  0x000001237a4de0e0 JavaThread "Unconstrained build operations Thread 25" [_thread_blocked, id=11584, stack(0x00000017dad00000,0x00000017dae00000)]
  0x000001237a4df010 JavaThread "Unconstrained build operations Thread 26" [_thread_blocked, id=9408, stack(0x00000017daf00000,0x00000017db000000)]
  0x000001237a4df520 JavaThread "Cache worker for Build Output Cleanup Cache (C:\tugas riska\tugas\android\.gradle\buildOutputCleanup)" [_thread_blocked, id=11284, stack(0x00000017db100000,0x00000017db200000)]
  0x000001237a4dfa30 JavaThread "included builds" [_thread_blocked, id=10152, stack(0x00000017db200000,0x00000017db300000)]
  0x000001237a4dff40 JavaThread "Execution worker" [_thread_blocked, id=7212, stack(0x00000017db300000,0x00000017db400000)]
  0x000001237a4e0960 JavaThread "Execution worker Thread 2" [_thread_blocked, id=7704, stack(0x00000017db400000,0x00000017db500000)]
  0x000001237a4e0450 JavaThread "Execution worker Thread 3" [_thread_blocked, id=10612, stack(0x00000017db500000,0x00000017db600000)]
  0x000001237a4d9f10 JavaThread "Cache worker for execution history cache (C:\tugas riska\tugas\node_modules\@react-native\gradle-plugin\.gradle\8.0.1\executionHistory)" [_thread_blocked, id=9316, stack(0x00000017db600000,0x00000017db700000)]
  0x000001237d1488d0 JavaThread "Unconstrained build operations Thread 27" [_thread_blocked, id=8880, stack(0x00000017db700000,0x00000017db800000)]
  0x000001237d147eb0 JavaThread "Unconstrained build operations Thread 28" [_thread_blocked, id=5684, stack(0x00000017db800000,0x00000017db900000)]
  0x000001237d147490 JavaThread "Unconstrained build operations Thread 29" [_thread_blocked, id=12120, stack(0x00000017db900000,0x00000017dba00000)]
  0x000001237d146050 JavaThread "Unconstrained build operations Thread 30" [_thread_blocked, id=10908, stack(0x00000017dba00000,0x00000017dbb00000)]
  0x000001237d146a70 JavaThread "Unconstrained build operations Thread 31" [_thread_blocked, id=9160, stack(0x00000017dbb00000,0x00000017dbc00000)]
  0x000001237d146f80 JavaThread "Unconstrained build operations Thread 32" [_thread_blocked, id=11640, stack(0x00000017dbc00000,0x00000017dbd00000)]
  0x000001237d1479a0 JavaThread "Unconstrained build operations Thread 33" [_thread_blocked, id=9444, stack(0x00000017dbd00000,0x00000017dbe00000)]
  0x000001237d1492f0 JavaThread "Unconstrained build operations Thread 34" [_thread_blocked, id=7428, stack(0x00000017dbe00000,0x00000017dbf00000)]
  0x000001237d149800 JavaThread "Unconstrained build operations Thread 35" [_thread_blocked, id=8604, stack(0x00000017dbf00000,0x00000017dc000000)]
  0x000001237918c680 JavaThread "Unconstrained build operations Thread 36" [_thread_blocked, id=5772, stack(0x00000017dc000000,0x00000017dc100000)]
  0x000001237918b240 JavaThread "Unconstrained build operations Thread 37" [_thread_blocked, id=10520, stack(0x00000017dc100000,0x00000017dc200000)]
  0x000001237918a310 JavaThread "Unconstrained build operations Thread 38" [_thread_blocked, id=2704, stack(0x00000017dc200000,0x00000017dc300000)]
  0x000001237918cb90 JavaThread "Unconstrained build operations Thread 39" [_thread_blocked, id=8388, stack(0x00000017dc400000,0x00000017dc500000)]
  0x00000123791893e0 JavaThread "Unconstrained build operations Thread 40" [_thread_blocked, id=12200, stack(0x00000017dc500000,0x00000017dc600000)]
  0x0000012378a4f720 JavaThread "C2 CompilerThread1" daemon [_thread_in_native, id=5088, stack(0x00000017d9200000,0x00000017d9300000)]
  0x000001237918a820 JavaThread "Cache worker for execution history cache (C:\tugas riska\tugas\android\.gradle\8.0.1\executionHistory)" [_thread_blocked, id=8312, stack(0x00000017d5e00000,0x00000017d5f00000)]

Other Threads:
  0x0000012372f035b0 VMThread "VM Thread" [stack: 0x00000017d6700000,0x00000017d6800000] [id=8844]
  0x00000123771f7b20 WatcherThread [stack: 0x00000017d7300000,0x00000017d7400000] [id=3804]
  0x00000123553d5710 GCTaskThread "GC Thread#0" [stack: 0x00000017d6200000,0x00000017d6300000] [id=10456]
  0x0000012377237120 GCTaskThread "GC Thread#1" [stack: 0x00000017d7500000,0x00000017d7600000] [id=192]
  0x00000123773d6990 GCTaskThread "GC Thread#2" [stack: 0x00000017d7600000,0x00000017d7700000] [id=11280]
  0x00000123780e81c0 GCTaskThread "GC Thread#3" [stack: 0x00000017d7700000,0x00000017d7800000] [id=11612]
  0x00000123553e6e70 ConcurrentGCThread "G1 Main Marker" [stack: 0x00000017d6300000,0x00000017d6400000] [id=6944]
  0x00000123553e8090 ConcurrentGCThread "G1 Conc#0" [stack: 0x00000017d6400000,0x00000017d6500000] [id=10216]
  0x0000012372dc04a0 ConcurrentGCThread "G1 Refine#0" [stack: 0x00000017d6500000,0x00000017d6600000] [id=2892]
  0x0000012372dc1ee0 ConcurrentGCThread "G1 Service" [stack: 0x00000017d6600000,0x00000017d6700000] [id=8524]

Threads with active compile tasks:
C2 CompilerThread0    63666 15717   !   4       org.gradle.cache.internal.DefaultMultiProcessSafePersistentIndexedCache::getIfPresent (25 bytes)
C2 CompilerThread1    63666 15720   !   4       java.nio.file.FileTreeWalker::next (144 bytes)

VM state: not at safepoint (normal execution)

VM Mutex/Monitor currently owned by a thread: None

Heap address: 0x0000000080000000, size: 2048 MB, Compressed Oops mode: 32-bit

CDS archive(s) mapped at: [0x0000012300000000-0x0000012300bd0000-0x0000012300bd0000), size 12386304, SharedBaseAddress: 0x0000012300000000, ArchiveRelocationMode: 1.
Compressed class space mapped at: 0x0000012301000000-0x000001231b000000, reserved size: 436207616
Narrow klass base: 0x0000012300000000, Narrow klass shift: 0, Narrow klass range: 0x100000000

GC Precious Log:
 CPUs: 4 total, 4 available
 Memory: 6093M
 Large Page Support: Disabled
 NUMA Support: Disabled
 Compressed Oops: Enabled (32-bit)
 Heap Region Size: 1M
 Heap Min Capacity: 8M
 Heap Initial Capacity: 96M
 Heap Max Capacity: 2G
 Pre-touch: Disabled
 Parallel Workers: 4
 Concurrent Workers: 1
 Concurrent Refinement Workers: 4
 Periodic GC: Disabled

Heap:
 garbage-first heap   total 246784K, used 176757K [0x0000000080000000, 0x0000000100000000)
  region size 1024K, 12 young (12288K), 6 survivors (6144K)
 Metaspace       used 100492K, committed 101632K, reserved 557056K
  class space    used 13845K, committed 14400K, reserved 425984K

Heap Regions: E=young(eden), S=young(survivor), O=old, HS=humongous(starts), HC=humongous(continues), CS=collection set, F=free, OA=open archive, CA=closed archive, TAMS=top-at-mark-start (previous, next)
|   0|0x0000000080000000, 0x0000000080100000, 0x0000000080100000|100%| O|  |TAMS 0x0000000080100000, 0x0000000080000000| Untracked 
|   1|0x0000000080100000, 0x0000000080200000, 0x0000000080200000|100%| O|  |TAMS 0x0000000080200000, 0x0000000080100000| Untracked 
|   2|0x0000000080200000, 0x0000000080300000, 0x0000000080300000|100%|HS|  |TAMS 0x0000000080300000, 0x0000000080200000| Complete 
|   3|0x0000000080300000, 0x0000000080400000, 0x0000000080400000|100%|HC|  |TAMS 0x0000000080400000, 0x0000000080300000| Complete 
|   4|0x0000000080400000, 0x0000000080500000, 0x0000000080500000|100%|HC|  |TAMS 0x0000000080500000, 0x0000000080400000| Complete 
|   5|0x0000000080500000, 0x0000000080600000, 0x0000000080600000|100%|HC|  |TAMS 0x0000000080600000, 0x0000000080500000| Complete 
|   6|0x0000000080600000, 0x0000000080700000, 0x0000000080700000|100%| O|  |TAMS 0x0000000080700000, 0x0000000080600000| Untracked 
|   7|0x0000000080700000, 0x0000000080800000, 0x0000000080800000|100%| O|  |TAMS 0x0000000080800000, 0x0000000080700000| Untracked 
|   8|0x0000000080800000, 0x0000000080900000, 0x0000000080900000|100%| O|  |TAMS 0x0000000080900000, 0x0000000080800000| Untracked 
|   9|0x0000000080900000, 0x0000000080a00000, 0x0000000080a00000|100%| O|  |TAMS 0x0000000080a00000, 0x0000000080900000| Untracked 
|  10|0x0000000080a00000, 0x0000000080b00000, 0x0000000080b00000|100%| O|  |TAMS 0x0000000080b00000, 0x0000000080a00000| Untracked 
|  11|0x0000000080b00000, 0x0000000080c00000, 0x0000000080c00000|100%| O|  |TAMS 0x0000000080c00000, 0x0000000080b00000| Untracked 
|  12|0x0000000080c00000, 0x0000000080d00000, 0x0000000080d00000|100%| O|  |TAMS 0x0000000080d00000, 0x0000000080c00000| Untracked 
|  13|0x0000000080d00000, 0x0000000080e00000, 0x0000000080e00000|100%| O|  |TAMS 0x0000000080e00000, 0x0000000080d00000| Untracked 
|  14|0x0000000080e00000, 0x0000000080f00000, 0x0000000080f00000|100%| O|  |TAMS 0x0000000080f00000, 0x0000000080e00000| Untracked 
|  15|0x0000000080f00000, 0x0000000081000000, 0x0000000081000000|100%| O|  |TAMS 0x0000000081000000, 0x0000000080f00000| Untracked 
|  16|0x0000000081000000, 0x0000000081100000, 0x0000000081100000|100%| O|  |TAMS 0x0000000081100000, 0x0000000081000000| Untracked 
|  17|0x0000000081100000, 0x0000000081200000, 0x0000000081200000|100%| O|  |TAMS 0x0000000081200000, 0x0000000081100000| Untracked 
|  18|0x0000000081200000, 0x0000000081300000, 0x0000000081300000|100%| O|  |TAMS 0x0000000081300000, 0x0000000081200000| Untracked 
|  19|0x0000000081300000, 0x0000000081400000, 0x0000000081400000|100%| O|  |TAMS 0x0000000081400000, 0x0000000081300000| Untracked 
|  20|0x0000000081400000, 0x0000000081500000, 0x0000000081500000|100%| O|  |TAMS 0x0000000081400000, 0x0000000081400000| Untracked 
|  21|0x0000000081500000, 0x0000000081600000, 0x0000000081600000|100%| O|  |TAMS 0x0000000081600000, 0x0000000081500000| Untracked 
|  22|0x0000000081600000, 0x0000000081700000, 0x0000000081700000|100%| O|  |TAMS 0x0000000081700000, 0x0000000081600000| Untracked 
|  23|0x0000000081700000, 0x0000000081800000, 0x0000000081800000|100%| O|  |TAMS 0x0000000081800000, 0x0000000081700000| Untracked 
|  24|0x0000000081800000, 0x0000000081900000, 0x0000000081900000|100%| O|  |TAMS 0x0000000081900000, 0x0000000081800000| Untracked 
|  25|0x0000000081900000, 0x0000000081a00000, 0x0000000081a00000|100%| O|  |TAMS 0x0000000081a00000, 0x0000000081900000| Untracked 
|  26|0x0000000081a00000, 0x0000000081b00000, 0x0000000081b00000|100%| O|  |TAMS 0x0000000081b00000, 0x0000000081a00000| Untracked 
|  27|0x0000000081b00000, 0x0000000081c00000, 0x0000000081c00000|100%| O|  |TAMS 0x0000000081c00000, 0x0000000081b00000| Untracked 
|  28|0x0000000081c00000, 0x0000000081d00000, 0x0000000081d00000|100%| O|  |TAMS 0x0000000081d00000, 0x0000000081c00000| Untracked 
|  29|0x0000000081d00000, 0x0000000081e00000, 0x0000000081e00000|100%|HS|  |TAMS 0x0000000081e00000, 0x0000000081d00000| Complete 
|  30|0x0000000081e00000, 0x0000000081f00000, 0x0000000081f00000|100%|HC|  |TAMS 0x0000000081f00000, 0x0000000081e00000| Complete 
|  31|0x0000000081f00000, 0x0000000082000000, 0x0000000082000000|100%| O|  |TAMS 0x0000000082000000, 0x0000000081f00000| Untracked 
|  32|0x0000000082000000, 0x0000000082100000, 0x0000000082100000|100%| O|  |TAMS 0x0000000082100000, 0x0000000082000000| Untracked 
|  33|0x0000000082100000, 0x0000000082200000, 0x0000000082200000|100%| O|  |TAMS 0x0000000082200000, 0x0000000082100000| Untracked 
|  34|0x0000000082200000, 0x0000000082300000, 0x0000000082300000|100%| O|  |TAMS 0x0000000082300000, 0x0000000082200000| Untracked 
|  35|0x0000000082300000, 0x0000000082400000, 0x0000000082400000|100%| O|  |TAMS 0x0000000082400000, 0x0000000082300000| Untracked 
|  36|0x0000000082400000, 0x0000000082500000, 0x0000000082500000|100%| O|  |TAMS 0x0000000082500000, 0x0000000082400000| Untracked 
|  37|0x0000000082500000, 0x0000000082600000, 0x0000000082600000|100%| O|  |TAMS 0x0000000082600000, 0x0000000082500000| Untracked 
|  38|0x0000000082600000, 0x0000000082700000, 0x0000000082700000|100%| O|  |TAMS 0x0000000082700000, 0x0000000082600000| Untracked 
|  39|0x0000000082700000, 0x0000000082800000, 0x0000000082800000|100%|HS|  |TAMS 0x0000000082800000, 0x0000000082700000| Complete 
|  40|0x0000000082800000, 0x0000000082900000, 0x0000000082900000|100%|HC|  |TAMS 0x0000000082900000, 0x0000000082800000| Complete 
|  41|0x0000000082900000, 0x0000000082a00000, 0x0000000082a00000|100%|HC|  |TAMS 0x0000000082a00000, 0x0000000082900000| Complete 
|  42|0x0000000082a00000, 0x0000000082b00000, 0x0000000082b00000|100%|HC|  |TAMS 0x0000000082b00000, 0x0000000082a00000| Complete 
|  43|0x0000000082b00000, 0x0000000082c00000, 0x0000000082c00000|100%| O|  |TAMS 0x0000000082c00000, 0x0000000082b00000| Untracked 
|  44|0x0000000082c00000, 0x0000000082d00000, 0x0000000082d00000|100%| O|  |TAMS 0x0000000082d00000, 0x0000000082c00000| Untracked 
|  45|0x0000000082d00000, 0x0000000082e00000, 0x0000000082e00000|100%| O|  |TAMS 0x0000000082e00000, 0x0000000082d00000| Untracked 
|  46|0x0000000082e00000, 0x0000000082f00000, 0x0000000082f00000|100%| O|  |TAMS 0x0000000082f00000, 0x0000000082e00000| Untracked 
|  47|0x0000000082f00000, 0x0000000083000000, 0x0000000083000000|100%| O|  |TAMS 0x0000000083000000, 0x0000000082f00000| Untracked 
|  48|0x0000000083000000, 0x0000000083100000, 0x0000000083100000|100%| O|  |TAMS 0x0000000083100000, 0x0000000083000000| Untracked 
|  49|0x0000000083100000, 0x0000000083200000, 0x0000000083200000|100%| O|  |TAMS 0x0000000083200000, 0x0000000083100000| Untracked 
|  50|0x0000000083200000, 0x0000000083300000, 0x0000000083300000|100%| O|  |TAMS 0x0000000083300000, 0x0000000083200000| Untracked 
|  51|0x0000000083300000, 0x0000000083400000, 0x0000000083400000|100%| O|  |TAMS 0x0000000083400000, 0x0000000083300000| Untracked 
|  52|0x0000000083400000, 0x0000000083500000, 0x0000000083500000|100%| O|  |TAMS 0x0000000083500000, 0x0000000083400000| Untracked 
|  53|0x0000000083500000, 0x0000000083600000, 0x0000000083600000|100%| O|  |TAMS 0x0000000083600000, 0x0000000083500000| Untracked 
|  54|0x0000000083600000, 0x0000000083700000, 0x0000000083700000|100%| O|  |TAMS 0x0000000083700000, 0x0000000083600000| Untracked 
|  55|0x0000000083700000, 0x0000000083800000, 0x0000000083800000|100%|HS|  |TAMS 0x0000000083700000, 0x0000000083700000| Complete 
|  56|0x0000000083800000, 0x0000000083900000, 0x0000000083900000|100%| O|  |TAMS 0x0000000083900000, 0x0000000083800000| Untracked 
|  57|0x0000000083900000, 0x0000000083a00000, 0x0000000083a00000|100%| O|  |TAMS 0x0000000083a00000, 0x0000000083900000| Untracked 
|  58|0x0000000083a00000, 0x0000000083b00000, 0x0000000083b00000|100%| O|  |TAMS 0x0000000083b00000, 0x0000000083a00000| Untracked 
|  59|0x0000000083b00000, 0x0000000083c00000, 0x0000000083c00000|100%|HS|  |TAMS 0x0000000083c00000, 0x0000000083b00000| Complete 
|  60|0x0000000083c00000, 0x0000000083d00000, 0x0000000083d00000|100%|HS|  |TAMS 0x0000000083d00000, 0x0000000083c00000| Complete 
|  61|0x0000000083d00000, 0x0000000083e00000, 0x0000000083e00000|100%| O|  |TAMS 0x0000000083e00000, 0x0000000083d00000| Untracked 
|  62|0x0000000083e00000, 0x0000000083f00000, 0x0000000083f00000|100%| O|  |TAMS 0x0000000083f00000, 0x0000000083e00000| Untracked 
|  63|0x0000000083f00000, 0x0000000084000000, 0x0000000084000000|100%| O|  |TAMS 0x0000000084000000, 0x0000000083f00000| Untracked 
|  64|0x0000000084000000, 0x0000000084100000, 0x0000000084100000|100%| O|  |TAMS 0x0000000084100000, 0x0000000084000000| Untracked 
|  65|0x0000000084100000, 0x0000000084200000, 0x0000000084200000|100%| O|  |TAMS 0x0000000084200000, 0x0000000084100000| Untracked 
|  66|0x0000000084200000, 0x0000000084300000, 0x0000000084300000|100%| O|  |TAMS 0x0000000084300000, 0x0000000084200000| Untracked 
|  67|0x0000000084300000, 0x0000000084400000, 0x0000000084400000|100%| O|  |TAMS 0x0000000084400000, 0x0000000084300000| Untracked 
|  68|0x0000000084400000, 0x0000000084500000, 0x0000000084500000|100%| O|  |TAMS 0x0000000084500000, 0x0000000084400000| Untracked 
|  69|0x0000000084500000, 0x0000000084600000, 0x0000000084600000|100%| O|  |TAMS 0x0000000084600000, 0x0000000084500000| Untracked 
|  70|0x0000000084600000, 0x0000000084700000, 0x0000000084700000|100%| O|  |TAMS 0x000000008468fc00, 0x0000000084600000| Untracked 
|  71|0x0000000084700000, 0x0000000084800000, 0x0000000084800000|100%| O|  |TAMS 0x0000000084700000, 0x0000000084700000| Untracked 
|  72|0x0000000084800000, 0x0000000084900000, 0x0000000084900000|100%| O|  |TAMS 0x0000000084800000, 0x0000000084800000| Untracked 
|  73|0x0000000084900000, 0x0000000084a00000, 0x0000000084a00000|100%| O|  |TAMS 0x0000000084a00000, 0x0000000084900000| Untracked 
|  74|0x0000000084a00000, 0x0000000084b00000, 0x0000000084b00000|100%| O|  |TAMS 0x0000000084b00000, 0x0000000084a00000| Untracked 
|  75|0x0000000084b00000, 0x0000000084c00000, 0x0000000084c00000|100%| O|  |TAMS 0x0000000084b00000, 0x0000000084b00000| Untracked 
|  76|0x0000000084c00000, 0x0000000084d00000, 0x0000000084d00000|100%| O|  |TAMS 0x0000000084c00000, 0x0000000084c00000| Untracked 
|  77|0x0000000084d00000, 0x0000000084e00000, 0x0000000084e00000|100%|HS|  |TAMS 0x0000000084d00000, 0x0000000084d00000| Complete 
|  78|0x0000000084e00000, 0x0000000084f00000, 0x0000000084f00000|100%|HS|  |TAMS 0x0000000084e00000, 0x0000000084e00000| Complete 
|  79|0x0000000084f00000, 0x0000000085000000, 0x0000000085000000|100%|HS|  |TAMS 0x0000000084f00000, 0x0000000084f00000| Complete 
|  80|0x0000000085000000, 0x0000000085100000, 0x0000000085100000|100%|HC|  |TAMS 0x0000000085000000, 0x0000000085000000| Complete 
|  81|0x0000000085100000, 0x0000000085200000, 0x0000000085200000|100%|HC|  |TAMS 0x0000000085100000, 0x0000000085100000| Complete 
|  82|0x0000000085200000, 0x0000000085300000, 0x0000000085300000|100%|HS|  |TAMS 0x0000000085200000, 0x0000000085200000| Complete 
|  83|0x0000000085300000, 0x0000000085400000, 0x0000000085400000|100%|HS|  |TAMS 0x0000000085300000, 0x0000000085300000| Complete 
|  84|0x0000000085400000, 0x0000000085500000, 0x0000000085500000|100%|HC|  |TAMS 0x0000000085400000, 0x0000000085400000| Complete 
|  85|0x0000000085500000, 0x0000000085600000, 0x0000000085600000|100%|HS|  |TAMS 0x0000000085500000, 0x0000000085500000| Complete 
|  86|0x0000000085600000, 0x0000000085700000, 0x0000000085700000|100%|HC|  |TAMS 0x0000000085600000, 0x0000000085600000| Complete 
|  87|0x0000000085700000, 0x0000000085800000, 0x0000000085800000|100%|HS|  |TAMS 0x0000000085700000, 0x0000000085700000| Complete 
|  88|0x0000000085800000, 0x0000000085900000, 0x0000000085900000|100%|HC|  |TAMS 0x0000000085800000, 0x0000000085800000| Complete 
|  89|0x0000000085900000, 0x0000000085a00000, 0x0000000085a00000|100%|HC|  |TAMS 0x0000000085900000, 0x0000000085900000| Complete 
|  90|0x0000000085a00000, 0x0000000085b00000, 0x0000000085b00000|100%|HC|  |TAMS 0x0000000085a00000, 0x0000000085a00000| Complete 
|  91|0x0000000085b00000, 0x0000000085c00000, 0x0000000085c00000|100%| O|  |TAMS 0x0000000085b00000, 0x0000000085b00000| Untracked 
|  92|0x0000000085c00000, 0x0000000085d00000, 0x0000000085d00000|100%| O|  |TAMS 0x0000000085c00000, 0x0000000085c00000| Untracked 
|  93|0x0000000085d00000, 0x0000000085e00000, 0x0000000085e00000|100%| O|  |TAMS 0x0000000085d00000, 0x0000000085d00000| Untracked 
|  94|0x0000000085e00000, 0x0000000085f00000, 0x0000000085f00000|100%| O|  |TAMS 0x0000000085e00000, 0x0000000085e00000| Untracked 
|  95|0x0000000085f00000, 0x0000000086000000, 0x0000000086000000|100%| O|  |TAMS 0x0000000085f00000, 0x0000000085f00000| Untracked 
|  96|0x0000000086000000, 0x0000000086100000, 0x0000000086100000|100%| O|  |TAMS 0x0000000086000000, 0x0000000086000000| Untracked 
|  97|0x0000000086100000, 0x0000000086200000, 0x0000000086200000|100%| O|  |TAMS 0x0000000086100000, 0x0000000086100000| Untracked 
|  98|0x0000000086200000, 0x0000000086300000, 0x0000000086300000|100%| O|  |TAMS 0x0000000086200000, 0x0000000086200000| Untracked 
|  99|0x0000000086300000, 0x0000000086400000, 0x0000000086400000|100%| O|  |TAMS 0x0000000086300000, 0x0000000086300000| Untracked 
| 100|0x0000000086400000, 0x0000000086500000, 0x0000000086500000|100%| O|  |TAMS 0x0000000086400000, 0x0000000086400000| Untracked 
| 101|0x0000000086500000, 0x0000000086600000, 0x0000000086600000|100%| O|  |TAMS 0x0000000086500000, 0x0000000086500000| Untracked 
| 102|0x0000000086600000, 0x0000000086700000, 0x0000000086700000|100%| O|  |TAMS 0x0000000086600000, 0x0000000086600000| Untracked 
| 103|0x0000000086700000, 0x0000000086800000, 0x0000000086800000|100%| O|  |TAMS 0x0000000086700000, 0x0000000086700000| Untracked 
| 104|0x0000000086800000, 0x0000000086900000, 0x0000000086900000|100%| O|  |TAMS 0x0000000086800000, 0x0000000086800000| Untracked 
| 105|0x0000000086900000, 0x0000000086a00000, 0x0000000086a00000|100%| O|  |TAMS 0x0000000086900000, 0x0000000086900000| Untracked 
| 106|0x0000000086a00000, 0x0000000086b00000, 0x0000000086b00000|100%| O|  |TAMS 0x0000000086a00000, 0x0000000086a00000| Untracked 
| 107|0x0000000086b00000, 0x0000000086c00000, 0x0000000086c00000|100%| O|  |TAMS 0x0000000086b00000, 0x0000000086b00000| Untracked 
| 108|0x0000000086c00000, 0x0000000086d00000, 0x0000000086d00000|100%| O|  |TAMS 0x0000000086c00000, 0x0000000086c00000| Untracked 
| 109|0x0000000086d00000, 0x0000000086e00000, 0x0000000086e00000|100%| O|  |TAMS 0x0000000086d00000, 0x0000000086d00000| Untracked 
| 110|0x0000000086e00000, 0x0000000086f00000, 0x0000000086f00000|100%| O|  |TAMS 0x0000000086e00000, 0x0000000086e00000| Untracked 
| 111|0x0000000086f00000, 0x0000000087000000, 0x0000000087000000|100%| O|  |TAMS 0x0000000086f00000, 0x0000000086f00000| Untracked 
| 112|0x0000000087000000, 0x0000000087100000, 0x0000000087100000|100%| O|  |TAMS 0x0000000087000000, 0x0000000087000000| Untracked 
| 113|0x0000000087100000, 0x0000000087200000, 0x0000000087200000|100%| O|  |TAMS 0x0000000087100000, 0x0000000087100000| Untracked 
| 114|0x0000000087200000, 0x0000000087300000, 0x0000000087300000|100%| O|  |TAMS 0x0000000087200000, 0x0000000087200000| Untracked 
| 115|0x0000000087300000, 0x0000000087400000, 0x0000000087400000|100%| O|  |TAMS 0x0000000087300000, 0x0000000087300000| Untracked 
| 116|0x0000000087400000, 0x0000000087500000, 0x0000000087500000|100%| O|  |TAMS 0x0000000087400000, 0x0000000087400000| Untracked 
| 117|0x0000000087500000, 0x0000000087600000, 0x0000000087600000|100%| O|  |TAMS 0x0000000087500000, 0x0000000087500000| Untracked 
| 118|0x0000000087600000, 0x0000000087700000, 0x0000000087700000|100%| O|  |TAMS 0x0000000087600000, 0x0000000087600000| Untracked 
| 119|0x0000000087700000, 0x0000000087800000, 0x0000000087800000|100%| O|  |TAMS 0x0000000087700000, 0x0000000087700000| Untracked 
| 120|0x0000000087800000, 0x0000000087900000, 0x0000000087900000|100%| O|  |TAMS 0x0000000087800000, 0x0000000087800000| Untracked 
| 121|0x0000000087900000, 0x0000000087a00000, 0x0000000087a00000|100%| O|  |TAMS 0x0000000087900000, 0x0000000087900000| Untracked 
| 122|0x0000000087a00000, 0x0000000087b00000, 0x0000000087b00000|100%| O|  |TAMS 0x0000000087a00000, 0x0000000087a00000| Untracked 
| 123|0x0000000087b00000, 0x0000000087c00000, 0x0000000087c00000|100%| O|  |TAMS 0x0000000087b00000, 0x0000000087b00000| Untracked 
| 124|0x0000000087c00000, 0x0000000087d00000, 0x0000000087d00000|100%| O|  |TAMS 0x0000000087c00000, 0x0000000087c00000| Untracked 
| 125|0x0000000087d00000, 0x0000000087e00000, 0x0000000087e00000|100%| O|  |TAMS 0x0000000087d00000, 0x0000000087d00000| Untracked 
| 126|0x0000000087e00000, 0x0000000087f00000, 0x0000000087f00000|100%| O|  |TAMS 0x0000000087e00000, 0x0000000087e00000| Untracked 
| 127|0x0000000087f00000, 0x0000000088000000, 0x0000000088000000|100%| O|  |TAMS 0x0000000087f00000, 0x0000000087f00000| Untracked 
| 128|0x0000000088000000, 0x0000000088100000, 0x0000000088100000|100%| O|  |TAMS 0x0000000088000000, 0x0000000088000000| Untracked 
| 129|0x0000000088100000, 0x0000000088200000, 0x0000000088200000|100%| O|  |TAMS 0x0000000088100000, 0x0000000088100000| Untracked 
| 130|0x0000000088200000, 0x0000000088300000, 0x0000000088300000|100%| O|  |TAMS 0x0000000088200000, 0x0000000088200000| Untracked 
| 131|0x0000000088300000, 0x0000000088400000, 0x0000000088400000|100%| O|  |TAMS 0x0000000088300000, 0x0000000088300000| Untracked 
| 132|0x0000000088400000, 0x0000000088500000, 0x0000000088500000|100%| O|  |TAMS 0x0000000088400000, 0x0000000088400000| Untracked 
| 133|0x0000000088500000, 0x0000000088600000, 0x0000000088600000|100%| O|  |TAMS 0x0000000088500000, 0x0000000088500000| Untracked 
| 134|0x0000000088600000, 0x0000000088700000, 0x0000000088700000|100%| O|  |TAMS 0x0000000088600000, 0x0000000088600000| Untracked 
| 135|0x0000000088700000, 0x0000000088800000, 0x0000000088800000|100%| O|  |TAMS 0x0000000088700000, 0x0000000088700000| Untracked 
| 136|0x0000000088800000, 0x0000000088900000, 0x0000000088900000|100%| O|  |TAMS 0x0000000088800000, 0x0000000088800000| Untracked 
| 137|0x0000000088900000, 0x0000000088a00000, 0x0000000088a00000|100%| O|  |TAMS 0x0000000088900000, 0x0000000088900000| Untracked 
| 138|0x0000000088a00000, 0x0000000088b00000, 0x0000000088b00000|100%| O|  |TAMS 0x0000000088a00000, 0x0000000088a00000| Untracked 
| 139|0x0000000088b00000, 0x0000000088c00000, 0x0000000088c00000|100%| O|  |TAMS 0x0000000088b00000, 0x0000000088b00000| Untracked 
| 140|0x0000000088c00000, 0x0000000088d00000, 0x0000000088d00000|100%| O|  |TAMS 0x0000000088c00000, 0x0000000088c00000| Untracked 
| 141|0x0000000088d00000, 0x0000000088e00000, 0x0000000088e00000|100%| O|  |TAMS 0x0000000088d00000, 0x0000000088d00000| Untracked 
| 142|0x0000000088e00000, 0x0000000088f00000, 0x0000000088f00000|100%| O|  |TAMS 0x0000000088e00000, 0x0000000088e00000| Untracked 
| 143|0x0000000088f00000, 0x0000000089000000, 0x0000000089000000|100%| O|  |TAMS 0x0000000088f00000, 0x0000000088f00000| Untracked 
| 144|0x0000000089000000, 0x0000000089100000, 0x0000000089100000|100%| O|  |TAMS 0x0000000089000000, 0x0000000089000000| Untracked 
| 145|0x0000000089100000, 0x0000000089200000, 0x0000000089200000|100%| O|  |TAMS 0x0000000089100000, 0x0000000089100000| Untracked 
| 146|0x0000000089200000, 0x0000000089300000, 0x0000000089300000|100%| O|  |TAMS 0x0000000089200000, 0x0000000089200000| Untracked 
| 147|0x0000000089300000, 0x0000000089400000, 0x0000000089400000|100%| O|  |TAMS 0x0000000089300000, 0x0000000089300000| Untracked 
| 148|0x0000000089400000, 0x0000000089500000, 0x0000000089500000|100%| O|  |TAMS 0x0000000089400000, 0x0000000089400000| Untracked 
| 149|0x0000000089500000, 0x0000000089600000, 0x0000000089600000|100%| O|  |TAMS 0x0000000089500000, 0x0000000089500000| Untracked 
| 150|0x0000000089600000, 0x0000000089700000, 0x0000000089700000|100%| O|  |TAMS 0x0000000089600000, 0x0000000089600000| Untracked 
| 151|0x0000000089700000, 0x0000000089800000, 0x0000000089800000|100%| O|  |TAMS 0x0000000089700000, 0x0000000089700000| Untracked 
| 152|0x0000000089800000, 0x0000000089900000, 0x0000000089900000|100%| O|  |TAMS 0x0000000089800000, 0x0000000089800000| Untracked 
| 153|0x0000000089900000, 0x0000000089a00000, 0x0000000089a00000|100%| O|  |TAMS 0x0000000089900000, 0x0000000089900000| Untracked 
| 154|0x0000000089a00000, 0x0000000089b00000, 0x0000000089b00000|100%| O|  |TAMS 0x0000000089a00000, 0x0000000089a00000| Untracked 
| 155|0x0000000089b00000, 0x0000000089c00000, 0x0000000089c00000|100%| O|  |TAMS 0x0000000089b00000, 0x0000000089b00000| Untracked 
| 156|0x0000000089c00000, 0x0000000089d00000, 0x0000000089d00000|100%| O|  |TAMS 0x0000000089c00000, 0x0000000089c00000| Untracked 
| 157|0x0000000089d00000, 0x0000000089e00000, 0x0000000089e00000|100%| O|  |TAMS 0x0000000089d00000, 0x0000000089d00000| Untracked 
| 158|0x0000000089e00000, 0x0000000089f00000, 0x0000000089f00000|100%| O|  |TAMS 0x0000000089e00000, 0x0000000089e00000| Untracked 
| 159|0x0000000089f00000, 0x000000008a000000, 0x000000008a000000|100%| O|  |TAMS 0x0000000089f00000, 0x0000000089f00000| Untracked 
| 160|0x000000008a000000, 0x000000008a100000, 0x000000008a100000|100%| O|  |TAMS 0x000000008a000000, 0x000000008a000000| Untracked 
| 161|0x000000008a100000, 0x000000008a19d600, 0x000000008a200000| 61%| O|  |TAMS 0x000000008a100000, 0x000000008a100000| Untracked 
| 162|0x000000008a200000, 0x000000008a200000, 0x000000008a300000|  0%| F|  |TAMS 0x000000008a200000, 0x000000008a200000| Untracked 
| 163|0x000000008a300000, 0x000000008a300000, 0x000000008a400000|  0%| F|  |TAMS 0x000000008a300000, 0x000000008a300000| Untracked 
| 164|0x000000008a400000, 0x000000008a400000, 0x000000008a500000|  0%| F|  |TAMS 0x000000008a400000, 0x000000008a400000| Untracked 
| 165|0x000000008a500000, 0x000000008a500000, 0x000000008a600000|  0%| F|  |TAMS 0x000000008a500000, 0x000000008a500000| Untracked 
| 166|0x000000008a600000, 0x000000008a600000, 0x000000008a700000|  0%| F|  |TAMS 0x000000008a600000, 0x000000008a600000| Untracked 
| 167|0x000000008a700000, 0x000000008a700000, 0x000000008a800000|  0%| F|  |TAMS 0x000000008a700000, 0x000000008a700000| Untracked 
| 168|0x000000008a800000, 0x000000008a800000, 0x000000008a900000|  0%| F|  |TAMS 0x000000008a800000, 0x000000008a800000| Untracked 
| 169|0x000000008a900000, 0x000000008a900000, 0x000000008aa00000|  0%| F|  |TAMS 0x000000008a900000, 0x000000008a900000| Untracked 
| 170|0x000000008aa00000, 0x000000008aa00000, 0x000000008ab00000|  0%| F|  |TAMS 0x000000008aa00000, 0x000000008aa00000| Untracked 
| 171|0x000000008ab00000, 0x000000008ab00000, 0x000000008ac00000|  0%| F|  |TAMS 0x000000008ab00000, 0x000000008ab00000| Untracked 
| 172|0x000000008ac00000, 0x000000008ac00000, 0x000000008ad00000|  0%| F|  |TAMS 0x000000008ac00000, 0x000000008ac00000| Untracked 
| 173|0x000000008ad00000, 0x000000008ad00000, 0x000000008ae00000|  0%| F|  |TAMS 0x000000008ad00000, 0x000000008ad00000| Untracked 
| 174|0x000000008ae00000, 0x000000008ae00000, 0x000000008af00000|  0%| F|  |TAMS 0x000000008ae00000, 0x000000008ae00000| Untracked 
| 175|0x000000008af00000, 0x000000008af00000, 0x000000008b000000|  0%| F|  |TAMS 0x000000008af00000, 0x000000008af00000| Untracked 
| 176|0x000000008b000000, 0x000000008b000000, 0x000000008b100000|  0%| F|  |TAMS 0x000000008b000000, 0x000000008b000000| Untracked 
| 177|0x000000008b100000, 0x000000008b100000, 0x000000008b200000|  0%| F|  |TAMS 0x000000008b100000, 0x000000008b100000| Untracked 
| 178|0x000000008b200000, 0x000000008b200000, 0x000000008b300000|  0%| F|  |TAMS 0x000000008b200000, 0x000000008b200000| Untracked 
| 179|0x000000008b300000, 0x000000008b300000, 0x000000008b400000|  0%| F|  |TAMS 0x000000008b300000, 0x000000008b300000| Untracked 
| 180|0x000000008b400000, 0x000000008b400000, 0x000000008b500000|  0%| F|  |TAMS 0x000000008b400000, 0x000000008b400000| Untracked 
| 181|0x000000008b500000, 0x000000008b500000, 0x000000008b600000|  0%| F|  |TAMS 0x000000008b500000, 0x000000008b500000| Untracked 
| 182|0x000000008b600000, 0x000000008b600000, 0x000000008b700000|  0%| F|  |TAMS 0x000000008b600000, 0x000000008b600000| Untracked 
| 183|0x000000008b700000, 0x000000008b700000, 0x000000008b800000|  0%| F|  |TAMS 0x000000008b700000, 0x000000008b700000| Untracked 
| 184|0x000000008b800000, 0x000000008b800000, 0x000000008b900000|  0%| F|  |TAMS 0x000000008b800000, 0x000000008b800000| Untracked 
| 185|0x000000008b900000, 0x000000008b900000, 0x000000008ba00000|  0%| F|  |TAMS 0x000000008b900000, 0x000000008b900000| Untracked 
| 186|0x000000008ba00000, 0x000000008ba00000, 0x000000008bb00000|  0%| F|  |TAMS 0x000000008ba00000, 0x000000008ba00000| Untracked 
| 187|0x000000008bb00000, 0x000000008bb00000, 0x000000008bc00000|  0%| F|  |TAMS 0x000000008bb00000, 0x000000008bb00000| Untracked 
| 188|0x000000008bc00000, 0x000000008bc00000, 0x000000008bd00000|  0%| F|  |TAMS 0x000000008bc00000, 0x000000008bc00000| Untracked 
| 189|0x000000008bd00000, 0x000000008bd00000, 0x000000008be00000|  0%| F|  |TAMS 0x000000008bd00000, 0x000000008bd00000| Untracked 
| 190|0x000000008be00000, 0x000000008be00000, 0x000000008bf00000|  0%| F|  |TAMS 0x000000008be00000, 0x000000008be00000| Untracked 
| 191|0x000000008bf00000, 0x000000008bf00000, 0x000000008c000000|  0%| F|  |TAMS 0x000000008bf00000, 0x000000008bf00000| Untracked 
| 192|0x000000008c000000, 0x000000008c000000, 0x000000008c100000|  0%| F|  |TAMS 0x000000008c000000, 0x000000008c000000| Untracked 
| 193|0x000000008c100000, 0x000000008c100000, 0x000000008c200000|  0%| F|  |TAMS 0x000000008c100000, 0x000000008c100000| Untracked 
| 194|0x000000008c200000, 0x000000008c300000, 0x000000008c300000|100%| S|CS|TAMS 0x000000008c200000, 0x000000008c200000| Complete 
| 195|0x000000008c300000, 0x000000008c300000, 0x000000008c400000|  0%| F|  |TAMS 0x000000008c300000, 0x000000008c300000| Untracked 
| 196|0x000000008c400000, 0x000000008c500000, 0x000000008c500000|100%| S|CS|TAMS 0x000000008c400000, 0x000000008c400000| Complete 
| 197|0x000000008c500000, 0x000000008c600000, 0x000000008c600000|100%| S|CS|TAMS 0x000000008c500000, 0x000000008c500000| Complete 
| 198|0x000000008c600000, 0x000000008c700000, 0x000000008c700000|100%| S|CS|TAMS 0x000000008c600000, 0x000000008c600000| Complete 
| 199|0x000000008c700000, 0x000000008c800000, 0x000000008c800000|100%| S|CS|TAMS 0x000000008c700000, 0x000000008c700000| Complete 
| 200|0x000000008c800000, 0x000000008c800000, 0x000000008c900000|  0%| F|  |TAMS 0x000000008c800000, 0x000000008c800000| Untracked 
| 201|0x000000008c900000, 0x000000008c900000, 0x000000008ca00000|  0%| F|  |TAMS 0x000000008c900000, 0x000000008c900000| Untracked 
| 202|0x000000008ca00000, 0x000000008cb00000, 0x000000008cb00000|100%| S|CS|TAMS 0x000000008ca00000, 0x000000008ca00000| Complete 
| 203|0x000000008cb00000, 0x000000008cb00000, 0x000000008cc00000|  0%| F|  |TAMS 0x000000008cb00000, 0x000000008cb00000| Untracked 
| 204|0x000000008cc00000, 0x000000008cc00000, 0x000000008cd00000|  0%| F|  |TAMS 0x000000008cc00000, 0x000000008cc00000| Untracked 
| 205|0x000000008cd00000, 0x000000008cd00000, 0x000000008ce00000|  0%| F|  |TAMS 0x000000008cd00000, 0x000000008cd00000| Untracked 
| 206|0x000000008ce00000, 0x000000008ce00000, 0x000000008cf00000|  0%| F|  |TAMS 0x000000008ce00000, 0x000000008ce00000| Untracked 
| 207|0x000000008cf00000, 0x000000008cf00000, 0x000000008d000000|  0%| F|  |TAMS 0x000000008cf00000, 0x000000008cf00000| Untracked 
| 208|0x000000008d000000, 0x000000008d000000, 0x000000008d100000|  0%| F|  |TAMS 0x000000008d000000, 0x000000008d000000| Untracked 
| 209|0x000000008d100000, 0x000000008d100000, 0x000000008d200000|  0%| F|  |TAMS 0x000000008d100000, 0x000000008d100000| Untracked 
| 210|0x000000008d200000, 0x000000008d200000, 0x000000008d300000|  0%| F|  |TAMS 0x000000008d200000, 0x000000008d200000| Untracked 
| 211|0x000000008d300000, 0x000000008d300000, 0x000000008d400000|  0%| F|  |TAMS 0x000000008d300000, 0x000000008d300000| Untracked 
| 212|0x000000008d400000, 0x000000008d400000, 0x000000008d500000|  0%| F|  |TAMS 0x000000008d400000, 0x000000008d400000| Untracked 
| 213|0x000000008d500000, 0x000000008d500000, 0x000000008d600000|  0%| F|  |TAMS 0x000000008d500000, 0x000000008d500000| Untracked 
| 214|0x000000008d600000, 0x000000008d600000, 0x000000008d700000|  0%| F|  |TAMS 0x000000008d600000, 0x000000008d600000| Untracked 
| 215|0x000000008d700000, 0x000000008d700000, 0x000000008d800000|  0%| F|  |TAMS 0x000000008d700000, 0x000000008d700000| Untracked 
| 216|0x000000008d800000, 0x000000008d800000, 0x000000008d900000|  0%| F|  |TAMS 0x000000008d800000, 0x000000008d800000| Untracked 
| 217|0x000000008d900000, 0x000000008d900000, 0x000000008da00000|  0%| F|  |TAMS 0x000000008d900000, 0x000000008d900000| Untracked 
| 218|0x000000008da00000, 0x000000008da00000, 0x000000008db00000|  0%| F|  |TAMS 0x000000008da00000, 0x000000008da00000| Untracked 
| 219|0x000000008db00000, 0x000000008db00000, 0x000000008dc00000|  0%| F|  |TAMS 0x000000008db00000, 0x000000008db00000| Untracked 
| 220|0x000000008dc00000, 0x000000008dc00000, 0x000000008dd00000|  0%| F|  |TAMS 0x000000008dc00000, 0x000000008dc00000| Untracked 
| 221|0x000000008dd00000, 0x000000008dd00000, 0x000000008de00000|  0%| F|  |TAMS 0x000000008dd00000, 0x000000008dd00000| Untracked 
| 222|0x000000008de00000, 0x000000008de00000, 0x000000008df00000|  0%| F|  |TAMS 0x000000008de00000, 0x000000008de00000| Untracked 
| 223|0x000000008df00000, 0x000000008df00000, 0x000000008e000000|  0%| F|  |TAMS 0x000000008df00000, 0x000000008df00000| Untracked 
| 224|0x000000008e000000, 0x000000008e000000, 0x000000008e100000|  0%| F|  |TAMS 0x000000008e000000, 0x000000008e000000| Untracked 
| 225|0x000000008e100000, 0x000000008e100000, 0x000000008e200000|  0%| F|  |TAMS 0x000000008e100000, 0x000000008e100000| Untracked 
| 226|0x000000008e200000, 0x000000008e200000, 0x000000008e300000|  0%| F|  |TAMS 0x000000008e200000, 0x000000008e200000| Untracked 
| 227|0x000000008e300000, 0x000000008e300000, 0x000000008e400000|  0%| F|  |TAMS 0x000000008e300000, 0x000000008e300000| Untracked 
| 228|0x000000008e400000, 0x000000008e400000, 0x000000008e500000|  0%| F|  |TAMS 0x000000008e400000, 0x000000008e400000| Untracked 
| 229|0x000000008e500000, 0x000000008e500000, 0x000000008e600000|  0%| F|  |TAMS 0x000000008e500000, 0x000000008e500000| Untracked 
| 230|0x000000008e600000, 0x000000008e600000, 0x000000008e700000|  0%| F|  |TAMS 0x000000008e600000, 0x000000008e600000| Untracked 
| 231|0x000000008e700000, 0x000000008e700000, 0x000000008e800000|  0%| F|  |TAMS 0x000000008e700000, 0x000000008e700000| Untracked 
| 232|0x000000008e800000, 0x000000008e800000, 0x000000008e900000|  0%| F|  |TAMS 0x000000008e800000, 0x000000008e800000| Untracked 
| 233|0x000000008e900000, 0x000000008e900000, 0x000000008ea00000|  0%| F|  |TAMS 0x000000008e900000, 0x000000008e900000| Untracked 
| 234|0x000000008ea00000, 0x000000008ea92350, 0x000000008eb00000| 57%| E|  |TAMS 0x000000008ea00000, 0x000000008ea00000| Complete 
| 235|0x000000008eb00000, 0x000000008ec00000, 0x000000008ec00000|100%| E|CS|TAMS 0x000000008eb00000, 0x000000008eb00000| Complete 
| 236|0x000000008ec00000, 0x000000008ed00000, 0x000000008ed00000|100%| E|CS|TAMS 0x000000008ec00000, 0x000000008ec00000| Complete 
| 237|0x000000008ed00000, 0x000000008ee00000, 0x000000008ee00000|100%| E|CS|TAMS 0x000000008ed00000, 0x000000008ed00000| Complete 
| 238|0x000000008ee00000, 0x000000008ef00000, 0x000000008ef00000|100%| E|CS|TAMS 0x000000008ee00000, 0x000000008ee00000| Complete 
| 239|0x000000008ef00000, 0x000000008f000000, 0x000000008f000000|100%| E|CS|TAMS 0x000000008ef00000, 0x000000008ef00000| Complete 
| 240|0x000000008f000000, 0x000000008f100000, 0x000000008f100000|100%| E|CS|TAMS 0x000000008f000000, 0x000000008f000000| Complete 

Card table byte_map: [0x000001236c270000,0x000001236c670000] _byte_map_base: 0x000001236be70000

Marking Bits (Prev, Next): (CMBitMap*) 0x00000123553d5d30, (CMBitMap*) 0x00000123553d5d70
 Prev Bits: [0x000001236ca70000, 0x000001236ea70000)
 Next Bits: [0x000001236ea70000, 0x0000012370a70000)

Polling page: 0x0000012353100000

Metaspace:

Usage:
  Non-class:     84.62 MB used.
      Class:     13.52 MB used.
       Both:     98.14 MB used.

Virtual space:
  Non-class space:      128.00 MB reserved,      85.19 MB ( 67%) committed,  2 nodes.
      Class space:      416.00 MB reserved,      14.06 MB (  3%) committed,  1 nodes.
             Both:      544.00 MB reserved,      99.25 MB ( 18%) committed. 

Chunk freelists:
   Non-Class:  10.67 MB
       Class:  1.87 MB
        Both:  12.54 MB

MaxMetaspaceSize: 512.00 MB
CompressedClassSpaceSize: 416.00 MB
Initial GC threshold: 21.00 MB
Current GC threshold: 118.56 MB
CDS: on
MetaspaceReclaimPolicy: balanced
 - commit_granule_bytes: 65536.
 - commit_granule_words: 8192.
 - virtual_space_node_default_size: 8388608.
 - enlarge_chunks_in_place: 1.
 - new_chunks_are_fully_committed: 0.
 - uncommit_free_chunks: 1.
 - use_allocation_guard: 0.
 - handle_deallocations: 1.


Internal statistics:

num_allocs_failed_limit: 9.
num_arena_births: 1412.
num_arena_deaths: 0.
num_vsnodes_births: 3.
num_vsnodes_deaths: 0.
num_space_committed: 1588.
num_space_uncommitted: 0.
num_chunks_returned_to_freelist: 9.
num_chunks_taken_from_freelist: 5824.
num_chunk_merges: 9.
num_chunk_splits: 3739.
num_chunks_enlarged: 2378.
num_inconsistent_stats: 0.

CodeHeap 'non-profiled nmethods': size=120000Kb used=7858Kb max_used=8008Kb free=112141Kb
 bounds [0x0000012364940000, 0x0000012365120000, 0x000001236be70000]
CodeHeap 'profiled nmethods': size=120000Kb used=25815Kb max_used=27136Kb free=94185Kb
 bounds [0x000001235ce70000, 0x000001235e900000, 0x00000123643a0000]
CodeHeap 'non-nmethods': size=5760Kb used=2403Kb max_used=2492Kb free=3356Kb
 bounds [0x00000123643a0000, 0x0000012364620000, 0x0000012364940000]
 total_blobs=14221 nmethods=13283 adapters=850
 compilation: enabled
              stopped_count=0, restarted_count=0
 full_count=0

Compilation events (20 events):
Event: 63.376 Thread 0x0000012378a4f720 nmethod 15704 0x0000012364e8bc10 code [0x0000012364e8bee0, 0x0000012364e8d840]
Event: 63.386 Thread 0x0000012378a4f720 15712       4       org.gradle.cache.internal.DefaultFileLockManager$DefaultFileLock::assertOpenAndIntegral (41 bytes)
Event: 63.388 Thread 0x0000012378a4f720 nmethod 15712 0x0000012364e8b810 code [0x0000012364e8b9a0, 0x0000012364e8bab8]
Event: 63.391 Thread 0x0000012378a4f720 15713       4       sun.nio.fs.WindowsFileAttributes::<init> (57 bytes)
Event: 63.391 Thread 0x0000012372f2bba0 nmethod 15711 0x0000012364e8a410 code [0x0000012364e8a5e0, 0x0000012364e8b2a8]
Event: 63.392 Thread 0x0000012378a4f720 nmethod 15713 0x0000012364e8a110 code [0x0000012364e8a280, 0x0000012364e8a338]
Event: 63.394 Thread 0x0000012378a4f720 15714       4       org.gradle.internal.snapshot.MerkleDirectorySnapshotBuilder::collectEntry (52 bytes)
Event: 63.396 Thread 0x0000012372f2bba0 15715       4       java.util.stream.Collectors$CollectorImpl::<init> (13 bytes)
Event: 63.403 Thread 0x0000012372f2bba0 nmethod 15715 0x0000012364e89810 code [0x0000012364e89980, 0x0000012364e89e58]
Event: 63.406 Thread 0x0000012378a4f720 nmethod 15714 0x0000012364fe4e90 code [0x0000012364fe5040, 0x0000012364fe59d8]
Event: 63.411 Thread 0x0000012378a4f720 15716       4       org.gradle.internal.io.StreamByteBuffer$StreamByteBufferInputStream::read (8 bytes)
Event: 63.421 Thread 0x0000012372f2bba0 15717   !   4       org.gradle.cache.internal.DefaultMultiProcessSafePersistentIndexedCache::getIfPresent (25 bytes)
Event: 63.423 Thread 0x0000012378a4f720 nmethod 15716 0x0000012364fe4290 code [0x0000012364fe4420, 0x0000012364fe4a18]
Event: 63.423 Thread 0x0000012378a4f720 15718       4       org.gradle.cache.internal.DefaultCacheAccess$UnitOfWorkFileAccess::readFile (14 bytes)
Event: 63.466 Thread 0x0000012372f32100 15725       2       java.io.File::equals (28 bytes)
Event: 63.467 Thread 0x0000012372f32100 nmethod 15725 0x000001235d7c7710 code [0x000001235d7c78c0, 0x000001235d7c7ae8]
Event: 63.472 Thread 0x0000012372f32100 15726       3       org.gradle.internal.serialize.InputStreamBackedDecoder::readString (8 bytes)
Event: 63.472 Thread 0x0000012372f32100 nmethod 15726 0x000001235d7df590 code [0x000001235d7df740, 0x000001235d7df8e8]
Event: 63.476 Thread 0x0000012378a4f720 nmethod 15718 0x0000012364dac690 code [0x0000012364dac940, 0x0000012364dadf20]
Event: 63.477 Thread 0x0000012378a4f720 15720   !   4       java.nio.file.FileTreeWalker::next (144 bytes)

GC Heap History (20 events):
Event: 36.813 GC heap before
{Heap before GC invocations=39 (full 0):
 garbage-first heap   total 246784K, used 190532K [0x0000000080000000, 0x0000000100000000)
  region size 1024K, 103 young (105472K), 1 survivors (1024K)
 Metaspace       used 81218K, committed 81920K, reserved 557056K
  class space    used 11270K, committed 11584K, reserved 425984K
}
Event: 36.832 GC heap after
{Heap after GC invocations=40 (full 0):
 garbage-first heap   total 246784K, used 97633K [0x0000000080000000, 0x0000000100000000)
  region size 1024K, 12 young (12288K), 12 survivors (12288K)
 Metaspace       used 81218K, committed 81920K, reserved 557056K
  class space    used 11270K, committed 11584K, reserved 425984K
}
Event: 39.715 GC heap before
{Heap before GC invocations=40 (full 0):
 garbage-first heap   total 246784K, used 195937K [0x0000000080000000, 0x0000000100000000)
  region size 1024K, 102 young (104448K), 12 survivors (12288K)
 Metaspace       used 86056K, committed 86848K, reserved 557056K
  class space    used 11936K, committed 12288K, reserved 425984K
}
Event: 39.749 GC heap after
{Heap after GC invocations=41 (full 0):
 garbage-first heap   total 246784K, used 120266K [0x0000000080000000, 0x0000000100000000)
  region size 1024K, 13 young (13312K), 13 survivors (13312K)
 Metaspace       used 86056K, committed 86848K, reserved 557056K
  class space    used 11936K, committed 12288K, reserved 425984K
}
Event: 41.284 GC heap before
{Heap before GC invocations=41 (full 0):
 garbage-first heap   total 246784K, used 190922K [0x0000000080000000, 0x0000000100000000)
  region size 1024K, 82 young (83968K), 13 survivors (13312K)
 Metaspace       used 90261K, committed 91072K, reserved 557056K
  class space    used 12558K, committed 12928K, reserved 425984K
}
Event: 41.309 GC heap after
{Heap after GC invocations=42 (full 0):
 garbage-first heap   total 246784K, used 126130K [0x0000000080000000, 0x0000000100000000)
  region size 1024K, 6 young (6144K), 6 survivors (6144K)
 Metaspace       used 90261K, committed 91072K, reserved 557056K
  class space    used 12558K, committed 12928K, reserved 425984K
}
Event: 50.231 GC heap before
{Heap before GC invocations=42 (full 0):
 garbage-first heap   total 246784K, used 194738K [0x0000000080000000, 0x0000000100000000)
  region size 1024K, 73 young (74752K), 6 survivors (6144K)
 Metaspace       used 94068K, committed 94976K, reserved 557056K
  class space    used 13055K, committed 13504K, reserved 425984K
}
Event: 50.259 GC heap after
{Heap after GC invocations=43 (full 0):
 garbage-first heap   total 246784K, used 134144K [0x0000000080000000, 0x0000000100000000)
  region size 1024K, 10 young (10240K), 10 survivors (10240K)
 Metaspace       used 94068K, committed 94976K, reserved 557056K
  class space    used 13055K, committed 13504K, reserved 425984K
}
Event: 56.892 GC heap before
{Heap before GC invocations=43 (full 0):
 garbage-first heap   total 246784K, used 196608K [0x0000000080000000, 0x0000000100000000)
  region size 1024K, 72 young (73728K), 10 survivors (10240K)
 Metaspace       used 94485K, committed 95360K, reserved 557056K
  class space    used 13071K, committed 13504K, reserved 425984K
}
Event: 56.930 GC heap after
{Heap after GC invocations=44 (full 0):
 garbage-first heap   total 246784K, used 143762K [0x0000000080000000, 0x0000000100000000)
  region size 1024K, 9 young (9216K), 9 survivors (9216K)
 Metaspace       used 94485K, committed 95360K, reserved 557056K
  class space    used 13071K, committed 13504K, reserved 425984K
}
Event: 58.353 GC heap before
{Heap before GC invocations=44 (full 0):
 garbage-first heap   total 246784K, used 197010K [0x0000000080000000, 0x0000000100000000)
  region size 1024K, 62 young (63488K), 9 survivors (9216K)
 Metaspace       used 98800K, committed 99840K, reserved 557056K
  class space    used 13683K, committed 14208K, reserved 425984K
}
Event: 58.385 GC heap after
{Heap after GC invocations=45 (full 0):
 garbage-first heap   total 246784K, used 151395K [0x0000000080000000, 0x0000000100000000)
  region size 1024K, 8 young (8192K), 8 survivors (8192K)
 Metaspace       used 98800K, committed 99840K, reserved 557056K
  class space    used 13683K, committed 14208K, reserved 425984K
}
Event: 59.974 GC heap before
{Heap before GC invocations=45 (full 0):
 garbage-first heap   total 246784K, used 199523K [0x0000000080000000, 0x0000000100000000)
  region size 1024K, 55 young (56320K), 8 survivors (8192K)
 Metaspace       used 99400K, committed 100480K, reserved 557056K
  class space    used 13739K, committed 14272K, reserved 425984K
}
Event: 60.015 GC heap after
{Heap after GC invocations=46 (full 0):
 garbage-first heap   total 246784K, used 159744K [0x0000000080000000, 0x0000000100000000)
  region size 1024K, 7 young (7168K), 7 survivors (7168K)
 Metaspace       used 99400K, committed 100480K, reserved 557056K
  class space    used 13739K, committed 14272K, reserved 425984K
}
Event: 61.554 GC heap before
{Heap before GC invocations=46 (full 0):
 garbage-first heap   total 246784K, used 200704K [0x0000000080000000, 0x0000000100000000)
  region size 1024K, 48 young (49152K), 7 survivors (7168K)
 Metaspace       used 99975K, committed 101056K, reserved 557056K
  class space    used 13794K, committed 14336K, reserved 425984K
}
Event: 61.583 GC heap after
{Heap after GC invocations=47 (full 0):
 garbage-first heap   total 246784K, used 164576K [0x0000000080000000, 0x0000000100000000)
  region size 1024K, 4 young (4096K), 4 survivors (4096K)
 Metaspace       used 99975K, committed 101056K, reserved 557056K
  class space    used 13794K, committed 14336K, reserved 425984K
}
Event: 62.785 GC heap before
{Heap before GC invocations=47 (full 0):
 garbage-first heap   total 246784K, used 203488K [0x0000000080000000, 0x0000000100000000)
  region size 1024K, 43 young (44032K), 4 survivors (4096K)
 Metaspace       used 100490K, committed 101632K, reserved 557056K
  class space    used 13845K, committed 14400K, reserved 425984K
}
Event: 62.806 GC heap after
{Heap after GC invocations=48 (full 0):
 garbage-first heap   total 246784K, used 167936K [0x0000000080000000, 0x0000000100000000)
  region size 1024K, 3 young (3072K), 3 survivors (3072K)
 Metaspace       used 100490K, committed 101632K, reserved 557056K
  class space    used 13845K, committed 14400K, reserved 425984K
}
Event: 63.498 GC heap before
{Heap before GC invocations=48 (full 0):
 garbage-first heap   total 246784K, used 206848K [0x0000000080000000, 0x0000000100000000)
  region size 1024K, 41 young (41984K), 3 survivors (3072K)
 Metaspace       used 100492K, committed 101632K, reserved 557056K
  class space    used 13845K, committed 14400K, reserved 425984K
}
Event: 63.513 GC heap after
{Heap after GC invocations=49 (full 0):
 garbage-first heap   total 246784K, used 171637K [0x0000000080000000, 0x0000000100000000)
  region size 1024K, 6 young (6144K), 6 survivors (6144K)
 Metaspace       used 100492K, committed 101632K, reserved 557056K
  class space    used 13845K, committed 14400K, reserved 425984K
}

Dll operation events (12 events):
Event: 0.011 Loaded shared library C:\Program Files\Microsoft\jdk-17.0.8.101-hotspot\bin\java.dll
Event: 0.038 Loaded shared library C:\Program Files\Microsoft\jdk-17.0.8.101-hotspot\bin\jsvml.dll
Event: 0.102 Loaded shared library C:\Program Files\Microsoft\jdk-17.0.8.101-hotspot\bin\net.dll
Event: 0.104 Loaded shared library C:\Program Files\Microsoft\jdk-17.0.8.101-hotspot\bin\nio.dll
Event: 0.112 Loaded shared library C:\Program Files\Microsoft\jdk-17.0.8.101-hotspot\bin\zip.dll
Event: 0.441 Loaded shared library C:\Program Files\Microsoft\jdk-17.0.8.101-hotspot\bin\jimage.dll
Event: 0.577 Loaded shared library C:\Program Files\Microsoft\jdk-17.0.8.101-hotspot\bin\verify.dll
Event: 0.933 Loaded shared library C:\Users\ASUS\.gradle\native\68d5fa5c4cc2d200863cafc0d521ce42e7d3e7ee720ec0a83991735586a16f82\windows-amd64\native-platform.dll
Event: 0.962 Loaded shared library C:\Users\ASUS\.gradle\native\e376f236ea51e6404a007f0833ffe2c6e607c4080706a723a18a27aeea778392\windows-amd64\native-platform-file-events.dll
Event: 2.742 Loaded shared library C:\Program Files\Microsoft\jdk-17.0.8.101-hotspot\bin\management.dll
Event: 2.747 Loaded shared library C:\Program Files\Microsoft\jdk-17.0.8.101-hotspot\bin\management_ext.dll
Event: 3.487 Loaded shared library C:\Program Files\Microsoft\jdk-17.0.8.101-hotspot\bin\sunmscapi.dll

Deoptimization events (20 events):
Event: 63.004 Thread 0x000001237a4db860 Uncommon trap: trap_request=0xffffffbe fr.pc=0x0000012364d6c920 relative=0x0000000000001660
Event: 63.004 Thread 0x000001237a4db860 Uncommon trap: reason=profile_predicate action=maybe_recompile pc=0x0000012364d6c920 method=org.gradle.internal.file.FileHierarchySet$Node.contains(Ljava/lang/String;I)Z @ 69 c2
Event: 63.004 Thread 0x000001237a4db860 DEOPT PACKING pc=0x0000012364d6c920 sp=0x00000017da5fbed0
Event: 63.004 Thread 0x000001237a4db860 DEOPT UNPACKING pc=0x00000123643f69a3 sp=0x00000017da5fbea0 mode 2
Event: 63.006 Thread 0x000001237a4db860 Uncommon trap: trap_request=0xffffffbe fr.pc=0x0000012364d6c920 relative=0x0000000000001660
Event: 63.006 Thread 0x000001237a4db860 Uncommon trap: reason=profile_predicate action=maybe_recompile pc=0x0000012364d6c920 method=org.gradle.internal.file.FileHierarchySet$Node.contains(Ljava/lang/String;I)Z @ 69 c2
Event: 63.006 Thread 0x000001237a4db860 DEOPT PACKING pc=0x0000012364d6c920 sp=0x00000017da5fbed0
Event: 63.006 Thread 0x000001237a4db860 DEOPT UNPACKING pc=0x00000123643f69a3 sp=0x00000017da5fbea0 mode 2
Event: 63.006 Thread 0x000001237a4db860 Uncommon trap: trap_request=0xffffffbe fr.pc=0x0000012364d6c920 relative=0x0000000000001660
Event: 63.006 Thread 0x000001237a4db860 Uncommon trap: reason=profile_predicate action=maybe_recompile pc=0x0000012364d6c920 method=org.gradle.internal.file.FileHierarchySet$Node.contains(Ljava/lang/String;I)Z @ 69 c2
Event: 63.006 Thread 0x000001237a4db860 DEOPT PACKING pc=0x0000012364d6c920 sp=0x00000017da5fbed0
Event: 63.006 Thread 0x000001237a4db860 DEOPT UNPACKING pc=0x00000123643f69a3 sp=0x00000017da5fbea0 mode 2
Event: 63.006 Thread 0x000001237a4db860 Uncommon trap: trap_request=0xffffffbe fr.pc=0x0000012364d6c920 relative=0x0000000000001660
Event: 63.006 Thread 0x000001237a4db860 Uncommon trap: reason=profile_predicate action=maybe_recompile pc=0x0000012364d6c920 method=org.gradle.internal.file.FileHierarchySet$Node.contains(Ljava/lang/String;I)Z @ 69 c2
Event: 63.006 Thread 0x000001237a4db860 DEOPT PACKING pc=0x0000012364d6c920 sp=0x00000017da5fbed0
Event: 63.006 Thread 0x000001237a4db860 DEOPT UNPACKING pc=0x00000123643f69a3 sp=0x00000017da5fbea0 mode 2
Event: 63.041 Thread 0x000001237918b750 Uncommon trap: trap_request=0xffffff45 fr.pc=0x0000012364e1d28c relative=0x0000000000001c2c
Event: 63.041 Thread 0x000001237918b750 Uncommon trap: reason=unstable_if action=reinterpret pc=0x0000012364e1d28c method=java.util.concurrent.ArrayBlockingQueue.dequeue()Ljava/lang/Object; @ 32 c2
Event: 63.041 Thread 0x000001237918b750 DEOPT PACKING pc=0x0000012364e1d28c sp=0x00000017d74ff0e0
Event: 63.041 Thread 0x000001237918b750 DEOPT UNPACKING pc=0x00000123643f69a3 sp=0x00000017d74ff050 mode 2

Classes unloaded (0 events):
No events

Classes redefined (0 events):
No events

Internal exceptions (20 events):
Event: 61.940 Thread 0x000001237a4e0450 Exception <a 'java/lang/ClassNotFoundException'{0x000000008e77c6c8}: groovy/util/FileTreeBuilderBeanInfo> (0x000000008e77c6c8) 
thrown [s\src\hotspot\share\classfile\systemDictionary.cpp, line 256]
Event: 61.942 Thread 0x000001237a4e0450 Exception <a 'java/lang/ClassNotFoundException'{0x000000008e7ddd98}: groovy/util/FileTreeBuilderCustomizer> (0x000000008e7ddd98) 
thrown [s\src\hotspot\share\classfile\systemDictionary.cpp, line 256]
Event: 61.974 Thread 0x000001237a4e0450 Exception <a 'java/lang/ClassNotFoundException'{0x000000008e61c9c0}: java/io/BufferedWriterBeanInfo> (0x000000008e61c9c0) 
thrown [s\src\hotspot\share\classfile\systemDictionary.cpp, line 256]
Event: 61.974 Thread 0x000001237a4e0450 Exception <a 'java/lang/ClassNotFoundException'{0x000000008e621e18}: java/io/WriterBeanInfo> (0x000000008e621e18) 
thrown [s\src\hotspot\share\classfile\systemDictionary.cpp, line 256]
Event: 61.975 Thread 0x000001237a4e0450 Exception <a 'java/lang/ClassNotFoundException'{0x000000008e6274e8}: java/io/WriterCustomizer> (0x000000008e6274e8) 
thrown [s\src\hotspot\share\classfile\systemDictionary.cpp, line 256]
Event: 61.979 Thread 0x000001237a4e0450 Exception <a 'java/lang/ClassNotFoundException'{0x000000008e635b98}: java/io/BufferedWriterCustomizer> (0x000000008e635b98) 
thrown [s\src\hotspot\share\classfile\systemDictionary.cpp, line 256]
Event: 62.037 Thread 0x000001237a4dff40 Exception <a 'sun/nio/fs/WindowsException'{0x000000008e670050}> (0x000000008e670050) 
thrown [s\src\hotspot\share\prims\jni.cpp, line 516]
Event: 62.038 Thread 0x000001237a4dff40 Exception <a 'sun/nio/fs/WindowsException'{0x000000008e6721d0}> (0x000000008e6721d0) 
thrown [s\src\hotspot\share\prims\jni.cpp, line 516]
Event: 62.081 Thread 0x000001237a4dff40 Exception <a 'sun/nio/fs/WindowsException'{0x000000008e6fa448}> (0x000000008e6fa448) 
thrown [s\src\hotspot\share\prims\jni.cpp, line 516]
Event: 62.083 Thread 0x000001237a4dff40 Exception <a 'sun/nio/fs/WindowsException'{0x000000008e6fc5f0}> (0x000000008e6fc5f0) 
thrown [s\src\hotspot\share\prims\jni.cpp, line 516]
Event: 62.094 Thread 0x000001237a4dff40 Exception <a 'sun/nio/fs/WindowsException'{0x000000008e509e88}> (0x000000008e509e88) 
thrown [s\src\hotspot\share\prims\jni.cpp, line 516]
Event: 62.100 Thread 0x000001237a4dff40 Exception <a 'sun/nio/fs/WindowsException'{0x000000008e5201a8}> (0x000000008e5201a8) 
thrown [s\src\hotspot\share\prims\jni.cpp, line 516]
Event: 62.101 Thread 0x000001237a4dff40 Exception <a 'sun/nio/fs/WindowsException'{0x000000008e521f70}> (0x000000008e521f70) 
thrown [s\src\hotspot\share\prims\jni.cpp, line 516]
Event: 62.106 Thread 0x000001237a4dff40 Exception <a 'sun/nio/fs/WindowsException'{0x000000008e530eb8}> (0x000000008e530eb8) 
thrown [s\src\hotspot\share\prims\jni.cpp, line 516]
Event: 62.107 Thread 0x000001237a4dff40 Exception <a 'sun/nio/fs/WindowsException'{0x000000008e532bd8}> (0x000000008e532bd8) 
thrown [s\src\hotspot\share\prims\jni.cpp, line 516]
Event: 62.113 Thread 0x000001237a4dff40 Exception <a 'sun/nio/fs/WindowsException'{0x000000008e547d70}> (0x000000008e547d70) 
thrown [s\src\hotspot\share\prims\jni.cpp, line 516]
Event: 62.114 Thread 0x000001237a4dff40 Exception <a 'sun/nio/fs/WindowsException'{0x000000008e549b48}> (0x000000008e549b48) 
thrown [s\src\hotspot\share\prims\jni.cpp, line 516]
Event: 62.115 Thread 0x000001237a4dff40 Exception <a 'sun/nio/fs/WindowsException'{0x000000008e54b710}> (0x000000008e54b710) 
thrown [s\src\hotspot\share\prims\jni.cpp, line 516]
Event: 62.116 Thread 0x000001237a4dff40 Exception <a 'sun/nio/fs/WindowsException'{0x000000008e55b1e0}> (0x000000008e55b1e0) 
thrown [s\src\hotspot\share\prims\jni.cpp, line 516]
Event: 62.150 Thread 0x000001237a4dff40 Exception <a 'java/lang/NoSuchMethodError'{0x000000008e5a04c8}: static Lcom/android/build/api/variant/BuildConfigField;.<clinit>()V> (0x000000008e5a04c8) 
thrown [s\src\hotspot\share\prims\jni.cpp, line 1107]

VM Operations (20 events):
Event: 61.613 Executing VM operation: HandshakeAllThreads
Event: 61.614 Executing VM operation: HandshakeAllThreads done
Event: 61.948 Executing VM operation: HandshakeAllThreads
Event: 61.949 Executing VM operation: HandshakeAllThreads done
Event: 61.954 Executing VM operation: HandshakeAllThreads
Event: 61.954 Executing VM operation: HandshakeAllThreads done
Event: 61.954 Executing VM operation: HandshakeAllThreads
Event: 61.955 Executing VM operation: HandshakeAllThreads done
Event: 62.066 Executing VM operation: HandshakeAllThreads
Event: 62.067 Executing VM operation: HandshakeAllThreads done
Event: 62.070 Executing VM operation: HandshakeAllThreads
Event: 62.070 Executing VM operation: HandshakeAllThreads done
Event: 62.133 Executing VM operation: ICBufferFull
Event: 62.134 Executing VM operation: ICBufferFull done
Event: 62.624 Executing VM operation: ICBufferFull
Event: 62.625 Executing VM operation: ICBufferFull done
Event: 62.785 Executing VM operation: G1CollectForAllocation
Event: 62.807 Executing VM operation: G1CollectForAllocation done
Event: 63.498 Executing VM operation: G1CollectForAllocation
Event: 63.513 Executing VM operation: G1CollectForAllocation done

Events (20 events):
Event: 62.147 loading class java/io/ClassCache$CacheRef
Event: 62.147 loading class java/io/ClassCache$CacheRef done
Event: 62.147 loading class java/io/ObjectStreamClass$FieldReflectorKey
Event: 62.148 loading class java/io/ObjectStreamClass$FieldReflectorKey done
Event: 62.148 loading class java/io/ObjectStreamClass$FieldReflector
Event: 62.148 loading class java/io/ObjectStreamClass$FieldReflector done
Event: 62.149 loading class java/io/ObjectStreamClass$1
Event: 62.149 loading class java/io/ObjectStreamClass$1 done
Event: 62.149 loading class java/io/ObjectStreamClass$MemberSignature
Event: 62.149 loading class java/io/ObjectStreamClass$MemberSignature done
Event: 62.149 loading class java/io/ObjectStreamClass$3
Event: 62.150 loading class java/io/ObjectStreamClass$3 done
Event: 62.150 loading class java/io/ObjectStreamClass$4
Event: 62.150 loading class java/io/ObjectStreamClass$4 done
Event: 62.150 loading class java/io/ObjectStreamClass$5
Event: 62.151 loading class java/io/ObjectStreamClass$5 done
Event: 62.151 loading class java/io/ObjectStreamClass$ClassDataSlot
Event: 62.151 loading class java/io/ObjectStreamClass$ClassDataSlot done
Event: 62.152 loading class jdk/internal/reflect/UnsafeQualifiedStaticLongFieldAccessorImpl
Event: 62.152 loading class jdk/internal/reflect/UnsafeQualifiedStaticLongFieldAccessorImpl done


Dynamic libraries:
0x00007ff7b1ae0000 - 0x00007ff7b1aee000 	C:\Program Files\Microsoft\jdk-17.0.8.101-hotspot\bin\java.exe
0x00007ff8234c0000 - 0x00007ff8236b0000 	C:\Windows\SYSTEM32\ntdll.dll
0x00007ff822850000 - 0x00007ff822902000 	C:\Windows\System32\KERNEL32.DLL
0x00007ff820eb0000 - 0x00007ff821153000 	C:\Windows\System32\KERNELBASE.dll
0x00007ff820450000 - 0x00007ff82054a000 	C:\Windows\System32\ucrtbase.dll
0x00007ff810570000 - 0x00007ff81058b000 	C:\Program Files\Microsoft\jdk-17.0.8.101-hotspot\bin\VCRUNTIME140.dll
0x00007ff8107d0000 - 0x00007ff8107e7000 	C:\Program Files\Microsoft\jdk-17.0.8.101-hotspot\bin\jli.dll
0x00007ff823050000 - 0x00007ff8231e4000 	C:\Windows\System32\USER32.dll
0x00007ff8206a0000 - 0x00007ff8206c1000 	C:\Windows\System32\win32u.dll
0x00007ff811970000 - 0x00007ff811bf5000 	C:\Windows\WinSxS\amd64_microsoft.windows.common-controls_6595b64144ccf1df_6.0.18362.592_none_e6c0b1911312be02\COMCTL32.dll
0x00007ff821c60000 - 0x00007ff821c86000 	C:\Windows\System32\GDI32.dll
0x00007ff821e80000 - 0x00007ff821f1e000 	C:\Windows\System32\msvcrt.dll
0x00007ff821180000 - 0x00007ff821314000 	C:\Windows\System32\gdi32full.dll
0x00007ff8229c0000 - 0x00007ff822cf6000 	C:\Windows\System32\combase.dll
0x00007ff820600000 - 0x00007ff82069e000 	C:\Windows\System32\msvcp_win.dll
0x00007ff822680000 - 0x00007ff8227a0000 	C:\Windows\System32\RPCRT4.dll
0x00007ff821320000 - 0x00007ff8213a0000 	C:\Windows\System32\bcryptPrimitives.dll
0x00007ff822650000 - 0x00007ff82267e000 	C:\Windows\System32\IMM32.DLL
0x00007ff810560000 - 0x00007ff81056c000 	C:\Program Files\Microsoft\jdk-17.0.8.101-hotspot\bin\vcruntime140_1.dll
0x00007ffff5f60000 - 0x00007ffff5fed000 	C:\Program Files\Microsoft\jdk-17.0.8.101-hotspot\bin\msvcp140.dll
0x00007fffcbc80000 - 0x00007fffcc8e5000 	C:\Program Files\Microsoft\jdk-17.0.8.101-hotspot\bin\server\jvm.dll
0x00007ff822910000 - 0x00007ff8229b3000 	C:\Windows\System32\ADVAPI32.dll
0x00007ff821c90000 - 0x00007ff821d27000 	C:\Windows\System32\sechost.dll
0x00007ff8203e0000 - 0x00007ff82042a000 	C:\Windows\System32\POWRPROF.dll
0x00007ff820390000 - 0x00007ff8203a0000 	C:\Windows\System32\UMPDC.dll
0x00007ff810550000 - 0x00007ff810559000 	C:\Windows\SYSTEM32\WSOCK32.dll
0x00007ff81df80000 - 0x00007ff81dfa4000 	C:\Windows\SYSTEM32\WINMM.dll
0x00007ff818150000 - 0x00007ff81815a000 	C:\Windows\SYSTEM32\VERSION.dll
0x00007ff822de0000 - 0x00007ff822e4f000 	C:\Windows\System32\WS2_32.dll
0x00007ff81df50000 - 0x00007ff81df7d000 	C:\Windows\SYSTEM32\winmmbase.dll
0x00007ff8213d0000 - 0x00007ff82141a000 	C:\Windows\System32\cfgmgr32.dll
0x00007ff8203a0000 - 0x00007ff8203b1000 	C:\Windows\System32\kernel.appcore.dll
0x00007ff810540000 - 0x00007ff81054a000 	C:\Program Files\Microsoft\jdk-17.0.8.101-hotspot\bin\jimage.dll
0x00007ff81eba0000 - 0x00007ff81ed94000 	C:\Windows\SYSTEM32\DBGHELP.DLL
0x00007ff805a90000 - 0x00007ff805aba000 	C:\Windows\SYSTEM32\dbgcore.DLL
0x00007ff80e4a0000 - 0x00007ff80e4c5000 	C:\Program Files\Microsoft\jdk-17.0.8.101-hotspot\bin\java.dll
0x00007ffff5e80000 - 0x00007ffff5f57000 	C:\Program Files\Microsoft\jdk-17.0.8.101-hotspot\bin\jsvml.dll
0x00007ff821570000 - 0x00007ff821c55000 	C:\Windows\System32\SHELL32.dll
0x00007ff8227a0000 - 0x00007ff822849000 	C:\Windows\System32\shcore.dll
0x00007ff820730000 - 0x00007ff820eaf000 	C:\Windows\System32\windows.storage.dll
0x00007ff820430000 - 0x00007ff82044f000 	C:\Windows\System32\profapi.dll
0x00007ff821e20000 - 0x00007ff821e72000 	C:\Windows\System32\shlwapi.dll
0x00007ff821160000 - 0x00007ff821177000 	C:\Windows\System32\cryptsp.dll
0x00007ff80e450000 - 0x00007ff80e469000 	C:\Program Files\Microsoft\jdk-17.0.8.101-hotspot\bin\net.dll
0x00007ff815bd0000 - 0x00007ff815cc0000 	C:\Windows\SYSTEM32\WINHTTP.dll
0x00007ff81fba0000 - 0x00007ff81fc07000 	C:\Windows\system32\mswsock.dll
0x00007ff80e430000 - 0x00007ff80e446000 	C:\Program Files\Microsoft\jdk-17.0.8.101-hotspot\bin\nio.dll
0x00007ff80e410000 - 0x00007ff80e428000 	C:\Program Files\Microsoft\jdk-17.0.8.101-hotspot\bin\zip.dll
0x00007ff810530000 - 0x00007ff810540000 	C:\Program Files\Microsoft\jdk-17.0.8.101-hotspot\bin\verify.dll
0x00007ff80b060000 - 0x00007ff80b087000 	C:\Users\ASUS\.gradle\native\68d5fa5c4cc2d200863cafc0d521ce42e7d3e7ee720ec0a83991735586a16f82\windows-amd64\native-platform.dll
0x00007ffff2fe0000 - 0x00007ffff3124000 	C:\Users\ASUS\.gradle\native\e376f236ea51e6404a007f0833ffe2c6e607c4080706a723a18a27aeea778392\windows-amd64\native-platform-file-events.dll
0x00007ff80fdc0000 - 0x00007ff80fdc9000 	C:\Program Files\Microsoft\jdk-17.0.8.101-hotspot\bin\management.dll
0x00007ff80fd20000 - 0x00007ff80fd2b000 	C:\Program Files\Microsoft\jdk-17.0.8.101-hotspot\bin\management_ext.dll
0x00007ff822d00000 - 0x00007ff822d08000 	C:\Windows\System32\PSAPI.DLL
0x00007ff81f710000 - 0x00007ff81f743000 	C:\Windows\system32\rsaenh.dll
0x00007ff8213a0000 - 0x00007ff8213c6000 	C:\Windows\System32\bcrypt.dll
0x00007ff8202b0000 - 0x00007ff8202d5000 	C:\Windows\SYSTEM32\USERENV.dll
0x00007ff81fd70000 - 0x00007ff81fd7c000 	C:\Windows\SYSTEM32\CRYPTBASE.dll
0x00007ff81f8b0000 - 0x00007ff81f8ea000 	C:\Windows\SYSTEM32\IPHLPAPI.DLL
0x00007ff821d40000 - 0x00007ff821d48000 	C:\Windows\System32\NSI.dll
0x00007ff815f30000 - 0x00007ff815f46000 	C:\Windows\SYSTEM32\dhcpcsvc6.DLL
0x00007ff816040000 - 0x00007ff81605c000 	C:\Windows\SYSTEM32\dhcpcsvc.DLL
0x00007ff81f8f0000 - 0x00007ff81f9ba000 	C:\Windows\SYSTEM32\DNSAPI.dll
0x00007ff80e490000 - 0x00007ff80e49e000 	C:\Program Files\Microsoft\jdk-17.0.8.101-hotspot\bin\sunmscapi.dll
0x00007ff821420000 - 0x00007ff821569000 	C:\Windows\System32\CRYPT32.dll
0x00007ff8203c0000 - 0x00007ff8203d2000 	C:\Windows\System32\MSASN1.dll
0x00007ff81fe70000 - 0x00007ff81fe96000 	C:\Windows\SYSTEM32\ncrypt.dll
0x00007ff81fe30000 - 0x00007ff81fe6b000 	C:\Windows\SYSTEM32\NTASN1.dll
0x00007ff80e400000 - 0x00007ff80e407000 	C:\Windows\system32\wshunix.dll
0x00007ff809940000 - 0x00007ff809956000 	C:\Windows\system32\napinsp.dll
0x00007ff809920000 - 0x00007ff80993a000 	C:\Windows\system32\pnrpnsp.dll
0x00007fffff6f0000 - 0x00007fffff6fe000 	C:\Windows\System32\winrnr.dll
0x00007ff81c740000 - 0x00007ff81c75c000 	C:\Windows\system32\NLAapi.dll
0x00007ff81ba50000 - 0x00007ff81ba65000 	C:\Windows\system32\wshbth.dll
0x00007ff8113b0000 - 0x00007ff8113ba000 	C:\Windows\System32\rasadhlp.dll
0x00007ff815840000 - 0x00007ff8158b7000 	C:\Windows\System32\fwpuclnt.dll

dbghelp: loaded successfully - version: 4.0.5 - missing functions: none
symbol engine: initialized successfully - sym options: 0x614 - pdb path: .;C:\Program Files\Microsoft\jdk-17.0.8.101-hotspot\bin;C:\Windows\SYSTEM32;C:\Windows\WinSxS\amd64_microsoft.windows.common-controls_6595b64144ccf1df_6.0.18362.592_none_e6c0b1911312be02;C:\Program Files\Microsoft\jdk-17.0.8.101-hotspot\bin\server;C:\Users\ASUS\.gradle\native\68d5fa5c4cc2d200863cafc0d521ce42e7d3e7ee720ec0a83991735586a16f82\windows-amd64;C:\Users\ASUS\.gradle\native\e376f236ea51e6404a007f0833ffe2c6e607c4080706a723a18a27aeea778392\windows-amd64

VM Arguments:
jvm_args: -XX:MaxMetaspaceSize=512m --add-opens=java.base/java.util=ALL-UNNAMED --add-opens=java.base/java.lang=ALL-UNNAMED --add-opens=java.base/java.lang.invoke=ALL-UNNAMED --add-opens=java.prefs/java.util.prefs=ALL-UNNAMED --add-opens=java.base/java.nio.charset=ALL-UNNAMED --add-opens=java.base/java.net=ALL-UNNAMED --add-opens=java.base/java.util.concurrent.atomic=ALL-UNNAMED -Xmx2048m -Dfile.encoding=windows-1252 -Duser.country=US -Duser.language=en -Duser.variant 
java_command: org.gradle.launcher.daemon.bootstrap.GradleDaemon 8.0.1
java_class_path (initial): C:\Users\ASUS\.gradle\wrapper\dists\gradle-8.0.1-all\aro4hu1c3oeioove7l0i4i14o\gradle-8.0.1\lib\gradle-launcher-8.0.1.jar
Launcher Type: SUN_STANDARD

[Global flags]
     intx CICompilerCount                          = 3                                         {product} {ergonomic}
   size_t CompressedClassSpaceSize                 = 436207616                                 {product} {ergonomic}
     uint ConcGCThreads                            = 1                                         {product} {ergonomic}
     uint G1ConcRefinementThreads                  = 4                                         {product} {ergonomic}
   size_t G1HeapRegionSize                         = 1048576                                   {product} {ergonomic}
    uintx GCDrainStackTargetSize                   = 64                                        {product} {ergonomic}
   size_t InitialHeapSize                          = 100663296                                 {product} {ergonomic}
   size_t MarkStackSize                            = 4194304                                   {product} {ergonomic}
   size_t MaxHeapSize                              = 2147483648                                {product} {command line}
   size_t MaxMetaspaceSize                         = 536870912                                 {product} {command line}
   size_t MaxNewSize                               = 1287651328                                {product} {ergonomic}
   size_t MinHeapDeltaBytes                        = 1048576                                   {product} {ergonomic}
   size_t MinHeapSize                              = 8388608                                   {product} {ergonomic}
    uintx NonNMethodCodeHeapSize                   = 5832780                                {pd product} {ergonomic}
    uintx NonProfiledCodeHeapSize                  = 122912730                              {pd product} {ergonomic}
    uintx ProfiledCodeHeapSize                     = 122912730                              {pd product} {ergonomic}
    uintx ReservedCodeCacheSize                    = 251658240                              {pd product} {ergonomic}
     bool SegmentedCodeCache                       = true                                      {product} {ergonomic}
   size_t SoftMaxHeapSize                          = 2147483648                             {manageable} {ergonomic}
     bool UseCompressedClassPointers               = true                           {product lp64_product} {ergonomic}
     bool UseCompressedOops                        = true                           {product lp64_product} {ergonomic}
     bool UseG1GC                                  = true                                      {product} {ergonomic}
     bool UseLargePagesIndividualAllocation        = false                                  {pd product} {ergonomic}

Logging:
Log output configuration:
 #0: stdout all=warning uptime,level,tags
 #1: stderr all=off uptime,level,tags

Environment Variables:
JAVA_HOME=C:\Program Files\Microsoft\jdk-17.0.8.101-hotspot\
CLASSPATH=C:\tugas riska\tugas\android\\gradle\wrapper\gradle-wrapper.jar
PATH=C:\tugas riska\tugas\node_modules\.bin;C:\tugas riska\node_modules\.bin;C:\node_modules\.bin;C:\Users\ASUS\AppData\Roaming\npm\node_modules\npm\node_modules\@npmcli\run-script\lib\node-gyp-bin;C:\Program Files\Microsoft\jdk-17.0.8.101-hotspot\bin;C:\Windows\system32;C:\Windows;C:\Windows\System32\Wbem;C:\Windows\System32\WindowsPowerShell\v1.0\;C:\Windows\System32\OpenSSH\;C:\Program Files\nodejs\;C:\Android\cmdline-tools\latest\bin;C:\Android\platform-tools;C:\Users\ASUS\AppData\Local\Microsoft\WindowsApps;;C:\Users\ASUS\AppData\Local\Programs\Microsoft VS Code\bin;C:\Users\ASUS\AppData\Roaming\npm
USERNAME=ASUS
OS=Windows_NT
PROCESSOR_IDENTIFIER=AMD64 Family 23 Model 24 Stepping 1, AuthenticAMD
TMP=C:\Users\ASUS\AppData\Local\Temp
TEMP=C:\Users\ASUS\AppData\Local\Temp



---------------  S Y S T E M  ---------------

OS:
 Windows 10 , 64 bit Build 18362 (10.0.18362.329)
OS uptime: 0 days 0:14 hours

CPU: total 4 (initial active 4) (4 cores per cpu, 2 threads per core) family 23 model 24 stepping 1 microcode 0x0, cx8, cmov, fxsr, ht, mmx, 3dnowpref, sse, sse2, sse3, ssse3, sse4a, sse4.1, sse4.2, popcnt, lzcnt, tsc, tscinvbit, avx, avx2, aes, clmul, bmi1, bmi2, adx, sha, fma, vzeroupper, clflush, clflushopt
Processor Information for all 4 processors :
  Max Mhz: 2600, Current Mhz: 2600, Mhz Limit: 2600

Memory: 4k page, system-wide physical 6093M (2713M free)
TotalPageFile size 8653M (AvailPageFile size 4551M)
current process WorkingSet (physical memory assigned to process): 536M, peak: 542M
current process commit charge ("private bytes"): 574M, peak: 581M

vm_info: OpenJDK 64-Bit Server VM (17.0.8.1+1-LTS) for windows-amd64 JRE (17.0.8.1+1-LTS), built on Aug 23 2023 17:38:52 by "MicrosoftCorporation" with MS VC++ 16.10 / 16.11 (VS2019)

END.
